{"/Users/simaanarshad/Desktop/sandbox/knexfile.js": {"path":"/Users/simaanarshad/Desktop/sandbox/knexfile.js","statementMap":{"0":{"start":{"line":1,"column":0},"end":{"line":1,"column":27}},"1":{"start":{"line":2,"column":11},"end":{"line":2,"column":24}},"2":{"start":{"line":5,"column":0},"end":{"line":24,"column":2}}},"fnMap":{},"branchMap":{},"s":{"0":4,"1":4,"2":4},"f":{},"b":{},"_coverageSchema":"1a1c01bbd47fc00a2c39e90264f33305004495a9","hash":"64895694cd7073e48975665be45fea38068a3924"}
,"/Users/simaanarshad/Desktop/sandbox/server.js": {"path":"/Users/simaanarshad/Desktop/sandbox/server.js","statementMap":{"0":{"start":{"line":1,"column":16},"end":{"line":1,"column":34}},"1":{"start":{"line":2,"column":15},"end":{"line":2,"column":24}},"2":{"start":{"line":4,"column":13},"end":{"line":4,"column":28}},"3":{"start":{"line":6,"column":22},"end":{"line":6,"column":55}},"4":{"start":{"line":7,"column":24},"end":{"line":7,"column":59}},"5":{"start":{"line":8,"column":27},"end":{"line":8,"column":65}},"6":{"start":{"line":11,"column":0},"end":{"line":11,"column":19}},"7":{"start":{"line":12,"column":0},"end":{"line":12,"column":27}},"8":{"start":{"line":15,"column":0},"end":{"line":15,"column":41}},"9":{"start":{"line":16,"column":0},"end":{"line":16,"column":45}},"10":{"start":{"line":17,"column":0},"end":{"line":17,"column":48}},"11":{"start":{"line":20,"column":0},"end":{"line":22,"column":3}},"12":{"start":{"line":21,"column":2},"end":{"line":21,"column":40}},"13":{"start":{"line":24,"column":0},"end":{"line":24,"column":24}}},"fnMap":{"0":{"name":"(anonymous_0)","decl":{"start":{"line":20,"column":16},"end":{"line":20,"column":17}},"loc":{"start":{"line":20,"column":30},"end":{"line":22,"column":1}},"line":20}},"branchMap":{},"s":{"0":3,"1":3,"2":3,"3":3,"4":3,"5":3,"6":3,"7":3,"8":3,"9":3,"10":3,"11":3,"12":0,"13":3},"f":{"0":0},"b":{},"_coverageSchema":"1a1c01bbd47fc00a2c39e90264f33305004495a9","hash":"2db3e96f5b9c2454969c0d275f96c446c4e590c3"}
,"/Users/simaanarshad/Desktop/sandbox/config/dbConfig.js": {"path":"/Users/simaanarshad/Desktop/sandbox/config/dbConfig.js","statementMap":{"0":{"start":{"line":1,"column":13},"end":{"line":1,"column":28}},"1":{"start":{"line":2,"column":19},"end":{"line":2,"column":41}},"2":{"start":{"line":4,"column":20},"end":{"line":4,"column":55}},"3":{"start":{"line":6,"column":0},"end":{"line":6,"column":47}}},"fnMap":{},"branchMap":{"0":{"loc":{"start":{"line":4,"column":20},"end":{"line":4,"column":55}},"type":"binary-expr","locations":[{"start":{"line":4,"column":20},"end":{"line":4,"column":38}},{"start":{"line":4,"column":42},"end":{"line":4,"column":55}}],"line":4}},"s":{"0":4,"1":4,"2":4,"3":4},"f":{},"b":{"0":[4,4]},"_coverageSchema":"1a1c01bbd47fc00a2c39e90264f33305004495a9","hash":"c5212ab37b3af3c7b32241c5f3b390bc9bef90cd"}
,"/Users/simaanarshad/Desktop/sandbox/models/composition.js": {"path":"/Users/simaanarshad/Desktop/sandbox/models/composition.js","statementMap":{"0":{"start":{"line":1,"column":11},"end":{"line":1,"column":40}},"1":{"start":{"line":2,"column":43},"end":{"line":2,"column":69}},"2":{"start":{"line":4,"column":14},"end":{"line":4,"column":28}},"3":{"start":{"line":8,"column":4},"end":{"line":8,"column":39}},"4":{"start":{"line":9,"column":4},"end":{"line":9,"column":43}},"5":{"start":{"line":10,"column":4},"end":{"line":10,"column":27}},"6":{"start":{"line":14,"column":4},"end":{"line":24,"column":5}},"7":{"start":{"line":15,"column":26},"end":{"line":15,"column":111}},"8":{"start":{"line":17,"column":6},"end":{"line":19,"column":7}},"9":{"start":{"line":18,"column":8},"end":{"line":18,"column":20}},"10":{"start":{"line":21,"column":6},"end":{"line":21,"column":42}},"11":{"start":{"line":23,"column":6},"end":{"line":23,"column":70}},"12":{"start":{"line":28,"column":4},"end":{"line":39,"column":5}},"13":{"start":{"line":29,"column":35},"end":{"line":35,"column":23}},"14":{"start":{"line":36,"column":6},"end":{"line":36,"column":54}},"15":{"start":{"line":38,"column":6},"end":{"line":38,"column":73}},"16":{"start":{"line":43,"column":4},"end":{"line":62,"column":5}},"17":{"start":{"line":44,"column":34},"end":{"line":51,"column":23}},"18":{"start":{"line":53,"column":6},"end":{"line":57,"column":7}},"19":{"start":{"line":54,"column":8},"end":{"line":56,"column":10}},"20":{"start":{"line":59,"column":6},"end":{"line":59,"column":53}},"21":{"start":{"line":61,"column":6},"end":{"line":61,"column":73}},"22":{"start":{"line":66,"column":4},"end":{"line":85,"column":5}},"23":{"start":{"line":67,"column":27},"end":{"line":80,"column":40}},"24":{"start":{"line":69,"column":10},"end":{"line":77,"column":15}},"25":{"start":{"line":73,"column":14},"end":{"line":76,"column":88}},"26":{"start":{"line":82,"column":6},"end":{"line":82,"column":75}},"27":{"start":{"line":82,"column":45},"end":{"line":82,"column":73}},"28":{"start":{"line":84,"column":6},"end":{"line":84,"column":88}},"29":{"start":{"line":89,"column":4},"end":{"line":112,"column":5}},"30":{"start":{"line":90,"column":27},"end":{"line":107,"column":56}},"31":{"start":{"line":92,"column":10},"end":{"line":103,"column":15}},"32":{"start":{"line":95,"column":14},"end":{"line":102,"column":19}},"33":{"start":{"line":99,"column":18},"end":{"line":101,"column":62}},"34":{"start":{"line":109,"column":6},"end":{"line":109,"column":35}},"35":{"start":{"line":111,"column":6},"end":{"line":111,"column":89}},"36":{"start":{"line":116,"column":4},"end":{"line":132,"column":5}},"37":{"start":{"line":117,"column":34},"end":{"line":121,"column":23}},"38":{"start":{"line":123,"column":6},"end":{"line":127,"column":7}},"39":{"start":{"line":124,"column":8},"end":{"line":126,"column":10}},"40":{"start":{"line":129,"column":6},"end":{"line":129,"column":53}},"41":{"start":{"line":131,"column":6},"end":{"line":131,"column":73}},"42":{"start":{"line":136,"column":0},"end":{"line":136,"column":29}}},"fnMap":{"0":{"name":"(anonymous_0)","decl":{"start":{"line":7,"column":2},"end":{"line":7,"column":3}},"loc":{"start":{"line":7,"column":23},"end":{"line":11,"column":3}},"line":7},"1":{"name":"(anonymous_1)","decl":{"start":{"line":13,"column":2},"end":{"line":13,"column":3}},"loc":{"start":{"line":13,"column":41},"end":{"line":25,"column":3}},"line":13},"2":{"name":"(anonymous_2)","decl":{"start":{"line":27,"column":2},"end":{"line":27,"column":3}},"loc":{"start":{"line":27,"column":41},"end":{"line":40,"column":3}},"line":27},"3":{"name":"(anonymous_3)","decl":{"start":{"line":42,"column":2},"end":{"line":42,"column":3}},"loc":{"start":{"line":42,"column":53},"end":{"line":63,"column":3}},"line":42},"4":{"name":"(anonymous_4)","decl":{"start":{"line":65,"column":2},"end":{"line":65,"column":3}},"loc":{"start":{"line":65,"column":41},"end":{"line":86,"column":3}},"line":65},"5":{"name":"(anonymous_5)","decl":{"start":{"line":68,"column":50},"end":{"line":68,"column":51}},"loc":{"start":{"line":68,"column":56},"end":{"line":78,"column":9}},"line":68},"6":{"name":"(anonymous_6)","decl":{"start":{"line":72,"column":19},"end":{"line":72,"column":20}},"loc":{"start":{"line":72,"column":26},"end":{"line":77,"column":13}},"line":72},"7":{"name":"(anonymous_7)","decl":{"start":{"line":82,"column":30},"end":{"line":82,"column":31}},"loc":{"start":{"line":82,"column":45},"end":{"line":82,"column":73}},"line":82},"8":{"name":"(anonymous_8)","decl":{"start":{"line":88,"column":2},"end":{"line":88,"column":3}},"loc":{"start":{"line":88,"column":40},"end":{"line":113,"column":3}},"line":88},"9":{"name":"(anonymous_9)","decl":{"start":{"line":91,"column":49},"end":{"line":91,"column":50}},"loc":{"start":{"line":91,"column":55},"end":{"line":104,"column":9}},"line":91},"10":{"name":"(anonymous_10)","decl":{"start":{"line":94,"column":19},"end":{"line":94,"column":20}},"loc":{"start":{"line":94,"column":26},"end":{"line":103,"column":13}},"line":94},"11":{"name":"(anonymous_11)","decl":{"start":{"line":98,"column":54},"end":{"line":98,"column":55}},"loc":{"start":{"line":98,"column":66},"end":{"line":102,"column":17}},"line":98},"12":{"name":"(anonymous_12)","decl":{"start":{"line":115,"column":2},"end":{"line":115,"column":3}},"loc":{"start":{"line":115,"column":44},"end":{"line":133,"column":3}},"line":115}},"branchMap":{"0":{"loc":{"start":{"line":17,"column":6},"end":{"line":19,"column":7}},"type":"if","locations":[{"start":{"line":17,"column":6},"end":{"line":19,"column":7}},{"start":{},"end":{}}],"line":17},"1":{"loc":{"start":{"line":53,"column":6},"end":{"line":57,"column":7}},"type":"if","locations":[{"start":{"line":53,"column":6},"end":{"line":57,"column":7}},{"start":{},"end":{}}],"line":53},"2":{"loc":{"start":{"line":123,"column":6},"end":{"line":127,"column":7}},"type":"if","locations":[{"start":{"line":123,"column":6},"end":{"line":127,"column":7}},{"start":{},"end":{}}],"line":123}},"s":{"0":3,"1":3,"2":3,"3":8,"4":8,"5":8,"6":7,"7":7,"8":7,"9":4,"10":3,"11":0,"12":2,"13":2,"14":2,"15":0,"16":2,"17":2,"18":2,"19":1,"20":1,"21":1,"22":5,"23":5,"24":5,"25":5,"26":5,"27":0,"28":0,"29":3,"30":3,"31":3,"32":3,"33":3,"34":3,"35":0,"36":3,"37":3,"38":3,"39":1,"40":2,"41":1,"42":3},"f":{"0":8,"1":7,"2":2,"3":2,"4":5,"5":5,"6":5,"7":0,"8":3,"9":3,"10":3,"11":3,"12":3},"b":{"0":[4,3],"1":[1,1],"2":[1,2]},"_coverageSchema":"1a1c01bbd47fc00a2c39e90264f33305004495a9","hash":"512ef99306856587f480e93235dfa0241a1c51f8"}
,"/Users/simaanarshad/Desktop/sandbox/models/material.js": {"path":"/Users/simaanarshad/Desktop/sandbox/models/material.js","statementMap":{"0":{"start":{"line":1,"column":11},"end":{"line":1,"column":40}},"1":{"start":{"line":2,"column":43},"end":{"line":2,"column":69}},"2":{"start":{"line":3,"column":14},"end":{"line":3,"column":25}},"3":{"start":{"line":7,"column":4},"end":{"line":7,"column":25}},"4":{"start":{"line":8,"column":4},"end":{"line":8,"column":43}},"5":{"start":{"line":9,"column":4},"end":{"line":9,"column":27}},"6":{"start":{"line":10,"column":4},"end":{"line":10,"column":41}},"7":{"start":{"line":14,"column":4},"end":{"line":19,"column":5}},"8":{"start":{"line":15,"column":24},"end":{"line":15,"column":39}},"9":{"start":{"line":16,"column":6},"end":{"line":16,"column":63}},"10":{"start":{"line":16,"column":39},"end":{"line":16,"column":61}},"11":{"start":{"line":18,"column":6},"end":{"line":18,"column":70}},"12":{"start":{"line":23,"column":4},"end":{"line":33,"column":5}},"13":{"start":{"line":24,"column":23},"end":{"line":24,"column":62}},"14":{"start":{"line":26,"column":6},"end":{"line":28,"column":7}},"15":{"start":{"line":27,"column":8},"end":{"line":27,"column":69}},"16":{"start":{"line":30,"column":6},"end":{"line":30,"column":36}},"17":{"start":{"line":32,"column":6},"end":{"line":32,"column":67}},"18":{"start":{"line":37,"column":4},"end":{"line":47,"column":5}},"19":{"start":{"line":38,"column":24},"end":{"line":38,"column":85}},"20":{"start":{"line":40,"column":6},"end":{"line":42,"column":7}},"21":{"start":{"line":41,"column":8},"end":{"line":41,"column":69}},"22":{"start":{"line":44,"column":6},"end":{"line":44,"column":40}},"23":{"start":{"line":46,"column":6},"end":{"line":46,"column":70}},"24":{"start":{"line":51,"column":4},"end":{"line":56,"column":5}},"25":{"start":{"line":52,"column":24},"end":{"line":52,"column":108}},"26":{"start":{"line":53,"column":6},"end":{"line":53,"column":63}},"27":{"start":{"line":53,"column":39},"end":{"line":53,"column":61}},"28":{"start":{"line":55,"column":6},"end":{"line":55,"column":74}},"29":{"start":{"line":60,"column":0},"end":{"line":60,"column":26}}},"fnMap":{"0":{"name":"(anonymous_0)","decl":{"start":{"line":6,"column":2},"end":{"line":6,"column":3}},"loc":{"start":{"line":6,"column":23},"end":{"line":11,"column":3}},"line":6},"1":{"name":"(anonymous_1)","decl":{"start":{"line":13,"column":2},"end":{"line":13,"column":3}},"loc":{"start":{"line":13,"column":24},"end":{"line":20,"column":3}},"line":13},"2":{"name":"(anonymous_2)","decl":{"start":{"line":16,"column":27},"end":{"line":16,"column":28}},"loc":{"start":{"line":16,"column":39},"end":{"line":16,"column":61}},"line":16},"3":{"name":"(anonymous_3)","decl":{"start":{"line":22,"column":2},"end":{"line":22,"column":3}},"loc":{"start":{"line":22,"column":23},"end":{"line":34,"column":3}},"line":22},"4":{"name":"(anonymous_4)","decl":{"start":{"line":36,"column":2},"end":{"line":36,"column":3}},"loc":{"start":{"line":36,"column":34},"end":{"line":48,"column":3}},"line":36},"5":{"name":"(anonymous_5)","decl":{"start":{"line":50,"column":2},"end":{"line":50,"column":3}},"loc":{"start":{"line":50,"column":31},"end":{"line":57,"column":3}},"line":50},"6":{"name":"(anonymous_6)","decl":{"start":{"line":53,"column":27},"end":{"line":53,"column":28}},"loc":{"start":{"line":53,"column":39},"end":{"line":53,"column":61}},"line":53}},"branchMap":{"0":{"loc":{"start":{"line":26,"column":6},"end":{"line":28,"column":7}},"type":"if","locations":[{"start":{"line":26,"column":6},"end":{"line":28,"column":7}},{"start":{},"end":{}}],"line":26},"1":{"loc":{"start":{"line":40,"column":6},"end":{"line":42,"column":7}},"type":"if","locations":[{"start":{"line":40,"column":6},"end":{"line":42,"column":7}},{"start":{},"end":{}}],"line":40}},"s":{"0":3,"1":3,"2":3,"3":17,"4":17,"5":17,"6":17,"7":1,"8":1,"9":1,"10":12,"11":0,"12":6,"13":6,"14":6,"15":3,"16":3,"17":3,"18":1,"19":1,"20":1,"21":0,"22":1,"23":0,"24":1,"25":1,"26":1,"27":1,"28":0,"29":3},"f":{"0":17,"1":1,"2":12,"3":6,"4":1,"5":1,"6":1},"b":{"0":[3,3],"1":[0,1]},"_coverageSchema":"1a1c01bbd47fc00a2c39e90264f33305004495a9","hash":"6a1158bb43ce8b06a2cd6bf126b488eb6fd9b7ef"}
,"/Users/simaanarshad/Desktop/sandbox/models/weapon.js": {"path":"/Users/simaanarshad/Desktop/sandbox/models/weapon.js","statementMap":{"0":{"start":{"line":1,"column":11},"end":{"line":1,"column":40}},"1":{"start":{"line":2,"column":13},"end":{"line":2,"column":37}},"2":{"start":{"line":3,"column":43},"end":{"line":3,"column":69}},"3":{"start":{"line":5,"column":14},"end":{"line":5,"column":23}},"4":{"start":{"line":9,"column":4},"end":{"line":9,"column":25}},"5":{"start":{"line":10,"column":4},"end":{"line":10,"column":29}},"6":{"start":{"line":11,"column":4},"end":{"line":11,"column":43}},"7":{"start":{"line":12,"column":4},"end":{"line":12,"column":33}},"8":{"start":{"line":16,"column":4},"end":{"line":21,"column":5}},"9":{"start":{"line":17,"column":22},"end":{"line":17,"column":37}},"10":{"start":{"line":18,"column":6},"end":{"line":18,"column":55}},"11":{"start":{"line":18,"column":35},"end":{"line":18,"column":53}},"12":{"start":{"line":20,"column":6},"end":{"line":20,"column":68}},"13":{"start":{"line":25,"column":4},"end":{"line":35,"column":5}},"14":{"start":{"line":26,"column":22},"end":{"line":30,"column":19}},"15":{"start":{"line":32,"column":6},"end":{"line":32,"column":55}},"16":{"start":{"line":32,"column":35},"end":{"line":32,"column":53}},"17":{"start":{"line":34,"column":6},"end":{"line":34,"column":77}},"18":{"start":{"line":39,"column":4},"end":{"line":49,"column":5}},"19":{"start":{"line":40,"column":22},"end":{"line":44,"column":19}},"20":{"start":{"line":46,"column":6},"end":{"line":46,"column":55}},"21":{"start":{"line":46,"column":35},"end":{"line":46,"column":53}},"22":{"start":{"line":48,"column":6},"end":{"line":48,"column":78}},"23":{"start":{"line":53,"column":4},"end":{"line":75,"column":5}},"24":{"start":{"line":54,"column":21},"end":{"line":54,"column":54}},"25":{"start":{"line":56,"column":6},"end":{"line":58,"column":7}},"26":{"start":{"line":57,"column":8},"end":{"line":57,"column":67}},"27":{"start":{"line":60,"column":28},"end":{"line":60,"column":70}},"28":{"start":{"line":62,"column":23},"end":{"line":62,"column":24}},"29":{"start":{"line":64,"column":6},"end":{"line":70,"column":7}},"30":{"start":{"line":65,"column":29},"end":{"line":65,"column":78}},"31":{"start":{"line":67,"column":21},"end":{"line":67,"column":100}},"32":{"start":{"line":68,"column":8},"end":{"line":68,"column":36}},"33":{"start":{"line":69,"column":8},"end":{"line":69,"column":61}},"34":{"start":{"line":72,"column":6},"end":{"line":72,"column":24}},"35":{"start":{"line":74,"column":6},"end":{"line":74,"column":75}},"36":{"start":{"line":79,"column":4},"end":{"line":92,"column":5}},"37":{"start":{"line":80,"column":30},"end":{"line":80,"column":62}},"38":{"start":{"line":82,"column":29},"end":{"line":82,"column":31}},"39":{"start":{"line":83,"column":6},"end":{"line":87,"column":7}},"40":{"start":{"line":84,"column":30},"end":{"line":84,"column":65}},"41":{"start":{"line":85,"column":30},"end":{"line":85,"column":90}},"42":{"start":{"line":86,"column":8},"end":{"line":86,"column":43}},"43":{"start":{"line":89,"column":6},"end":{"line":89,"column":62}},"44":{"start":{"line":89,"column":42},"end":{"line":89,"column":60}},"45":{"start":{"line":91,"column":6},"end":{"line":91,"column":84}},"46":{"start":{"line":96,"column":4},"end":{"line":124,"column":5}},"47":{"start":{"line":97,"column":21},"end":{"line":97,"column":60}},"48":{"start":{"line":99,"column":6},"end":{"line":101,"column":7}},"49":{"start":{"line":100,"column":8},"end":{"line":100,"column":67}},"50":{"start":{"line":103,"column":28},"end":{"line":103,"column":70}},"51":{"start":{"line":105,"column":19},"end":{"line":105,"column":42}},"52":{"start":{"line":107,"column":6},"end":{"line":119,"column":7}},"53":{"start":{"line":108,"column":29},"end":{"line":108,"column":78}},"54":{"start":{"line":110,"column":8},"end":{"line":113,"column":9}},"55":{"start":{"line":111,"column":10},"end":{"line":111,"column":50}},"56":{"start":{"line":112,"column":10},"end":{"line":112,"column":16}},"57":{"start":{"line":115,"column":21},"end":{"line":115,"column":97}},"58":{"start":{"line":116,"column":8},"end":{"line":116,"column":36}},"59":{"start":{"line":117,"column":28},"end":{"line":117,"column":73}},"60":{"start":{"line":118,"column":8},"end":{"line":118,"column":47}},"61":{"start":{"line":121,"column":6},"end":{"line":121,"column":65}},"62":{"start":{"line":123,"column":6},"end":{"line":123,"column":81}},"63":{"start":{"line":128,"column":4},"end":{"line":139,"column":5}},"64":{"start":{"line":129,"column":21},"end":{"line":129,"column":54}},"65":{"start":{"line":131,"column":6},"end":{"line":133,"column":7}},"66":{"start":{"line":132,"column":8},"end":{"line":132,"column":67}},"67":{"start":{"line":135,"column":22},"end":{"line":135,"column":83}},"68":{"start":{"line":136,"column":6},"end":{"line":136,"column":36}},"69":{"start":{"line":138,"column":6},"end":{"line":138,"column":68}},"70":{"start":{"line":143,"column":4},"end":{"line":148,"column":5}},"71":{"start":{"line":144,"column":29},"end":{"line":144,"column":105}},"72":{"start":{"line":145,"column":6},"end":{"line":145,"column":62}},"73":{"start":{"line":145,"column":42},"end":{"line":145,"column":60}},"74":{"start":{"line":147,"column":6},"end":{"line":147,"column":71}},"75":{"start":{"line":152,"column":4},"end":{"line":160,"column":5}},"76":{"start":{"line":153,"column":6},"end":{"line":157,"column":27}},"77":{"start":{"line":159,"column":6},"end":{"line":159,"column":88}},"78":{"start":{"line":164,"column":4},"end":{"line":183,"column":5}},"79":{"start":{"line":165,"column":6},"end":{"line":180,"column":35}},"80":{"start":{"line":167,"column":10},"end":{"line":177,"column":15}},"81":{"start":{"line":172,"column":14},"end":{"line":176,"column":65}},"82":{"start":{"line":182,"column":6},"end":{"line":182,"column":77}},"83":{"start":{"line":187,"column":0},"end":{"line":187,"column":24}}},"fnMap":{"0":{"name":"(anonymous_0)","decl":{"start":{"line":8,"column":2},"end":{"line":8,"column":3}},"loc":{"start":{"line":8,"column":23},"end":{"line":13,"column":3}},"line":8},"1":{"name":"(anonymous_1)","decl":{"start":{"line":15,"column":2},"end":{"line":15,"column":3}},"loc":{"start":{"line":15,"column":24},"end":{"line":22,"column":3}},"line":15},"2":{"name":"(anonymous_2)","decl":{"start":{"line":18,"column":25},"end":{"line":18,"column":26}},"loc":{"start":{"line":18,"column":35},"end":{"line":18,"column":53}},"line":18},"3":{"name":"(anonymous_3)","decl":{"start":{"line":24,"column":2},"end":{"line":24,"column":3}},"loc":{"start":{"line":24,"column":43},"end":{"line":36,"column":3}},"line":24},"4":{"name":"(anonymous_4)","decl":{"start":{"line":32,"column":25},"end":{"line":32,"column":26}},"loc":{"start":{"line":32,"column":35},"end":{"line":32,"column":53}},"line":32},"5":{"name":"(anonymous_5)","decl":{"start":{"line":38,"column":2},"end":{"line":38,"column":3}},"loc":{"start":{"line":38,"column":45},"end":{"line":50,"column":3}},"line":38},"6":{"name":"(anonymous_6)","decl":{"start":{"line":46,"column":25},"end":{"line":46,"column":26}},"loc":{"start":{"line":46,"column":35},"end":{"line":46,"column":53}},"line":46},"7":{"name":"(anonymous_7)","decl":{"start":{"line":52,"column":2},"end":{"line":52,"column":3}},"loc":{"start":{"line":52,"column":33},"end":{"line":76,"column":3}},"line":52},"8":{"name":"(anonymous_8)","decl":{"start":{"line":78,"column":2},"end":{"line":78,"column":3}},"loc":{"start":{"line":78,"column":43},"end":{"line":93,"column":3}},"line":78},"9":{"name":"(anonymous_9)","decl":{"start":{"line":89,"column":32},"end":{"line":89,"column":33}},"loc":{"start":{"line":89,"column":42},"end":{"line":89,"column":60}},"line":89},"10":{"name":"(anonymous_10)","decl":{"start":{"line":95,"column":2},"end":{"line":95,"column":3}},"loc":{"start":{"line":95,"column":39},"end":{"line":125,"column":3}},"line":95},"11":{"name":"(anonymous_11)","decl":{"start":{"line":127,"column":2},"end":{"line":127,"column":3}},"loc":{"start":{"line":127,"column":34},"end":{"line":140,"column":3}},"line":127},"12":{"name":"(anonymous_12)","decl":{"start":{"line":142,"column":2},"end":{"line":142,"column":3}},"loc":{"start":{"line":142,"column":30},"end":{"line":149,"column":3}},"line":142},"13":{"name":"(anonymous_13)","decl":{"start":{"line":145,"column":32},"end":{"line":145,"column":33}},"loc":{"start":{"line":145,"column":42},"end":{"line":145,"column":60}},"line":145},"14":{"name":"(anonymous_14)","decl":{"start":{"line":166,"column":44},"end":{"line":166,"column":45}},"loc":{"start":{"line":166,"column":50},"end":{"line":178,"column":9}},"line":166},"15":{"name":"(anonymous_15)","decl":{"start":{"line":171,"column":19},"end":{"line":171,"column":20}},"loc":{"start":{"line":171,"column":26},"end":{"line":177,"column":13}},"line":171}},"branchMap":{"0":{"loc":{"start":{"line":56,"column":6},"end":{"line":58,"column":7}},"type":"if","locations":[{"start":{"line":56,"column":6},"end":{"line":58,"column":7}},{"start":{},"end":{}}],"line":56},"1":{"loc":{"start":{"line":99,"column":6},"end":{"line":101,"column":7}},"type":"if","locations":[{"start":{"line":99,"column":6},"end":{"line":101,"column":7}},{"start":{},"end":{}}],"line":99},"2":{"loc":{"start":{"line":110,"column":8},"end":{"line":113,"column":9}},"type":"if","locations":[{"start":{"line":110,"column":8},"end":{"line":113,"column":9}},{"start":{},"end":{}}],"line":110},"3":{"loc":{"start":{"line":131,"column":6},"end":{"line":133,"column":7}},"type":"if","locations":[{"start":{"line":131,"column":6},"end":{"line":133,"column":7}},{"start":{},"end":{}}],"line":131}},"s":{"0":4,"1":4,"2":4,"3":4,"4":18,"5":18,"6":18,"7":18,"8":1,"9":1,"10":1,"11":3,"12":0,"13":0,"14":0,"15":0,"16":0,"17":0,"18":5,"19":5,"20":5,"21":5,"22":0,"23":5,"24":5,"25":5,"26":0,"27":5,"28":5,"29":5,"30":18,"31":18,"32":18,"33":18,"34":5,"35":0,"36":4,"37":4,"38":4,"39":4,"40":4,"41":4,"42":4,"43":4,"44":4,"45":0,"46":2,"47":2,"48":2,"49":1,"50":1,"51":1,"52":1,"53":3,"54":3,"55":1,"56":1,"57":2,"58":2,"59":2,"60":2,"61":1,"62":1,"63":4,"64":4,"65":4,"66":0,"67":4,"68":4,"69":0,"70":1,"71":1,"72":1,"73":1,"74":0,"75":6,"76":6,"77":0,"78":21,"79":21,"80":21,"81":21,"82":0,"83":4},"f":{"0":18,"1":1,"2":3,"3":0,"4":0,"5":5,"6":5,"7":5,"8":4,"9":4,"10":2,"11":4,"12":1,"13":1,"14":21,"15":21},"b":{"0":[0,5],"1":[1,1],"2":[1,2],"3":[0,4]},"_coverageSchema":"1a1c01bbd47fc00a2c39e90264f33305004495a9","hash":"d3b4ebd8fe607c8543b147e74669f1e5ee6b395a"}
,"/Users/simaanarshad/Desktop/sandbox/routes/compositionsRouter.js": {"path":"/Users/simaanarshad/Desktop/sandbox/routes/compositionsRouter.js","statementMap":{"0":{"start":{"line":1,"column":15},"end":{"line":1,"column":42}},"1":{"start":{"line":2,"column":27},"end":{"line":2,"column":68}},"2":{"start":{"line":3,"column":17},"end":{"line":3,"column":43}},"3":{"start":{"line":5,"column":0},"end":{"line":13,"column":3}},"4":{"start":{"line":6,"column":2},"end":{"line":12,"column":3}},"5":{"start":{"line":7,"column":21},"end":{"line":7,"column":95}},"6":{"start":{"line":8,"column":4},"end":{"line":8,"column":35}},"7":{"start":{"line":10,"column":4},"end":{"line":10,"column":38}},"8":{"start":{"line":11,"column":4},"end":{"line":11,"column":69}},"9":{"start":{"line":15,"column":0},"end":{"line":27,"column":3}},"10":{"start":{"line":16,"column":2},"end":{"line":26,"column":3}},"11":{"start":{"line":17,"column":21},"end":{"line":21,"column":5}},"12":{"start":{"line":22,"column":4},"end":{"line":22,"column":35}},"13":{"start":{"line":24,"column":4},"end":{"line":24,"column":37}},"14":{"start":{"line":25,"column":4},"end":{"line":25,"column":69}},"15":{"start":{"line":29,"column":0},"end":{"line":37,"column":3}},"16":{"start":{"line":30,"column":2},"end":{"line":36,"column":3}},"17":{"start":{"line":31,"column":21},"end":{"line":31,"column":108}},"18":{"start":{"line":32,"column":4},"end":{"line":32,"column":35}},"19":{"start":{"line":34,"column":4},"end":{"line":34,"column":40}},"20":{"start":{"line":35,"column":4},"end":{"line":35,"column":69}},"21":{"start":{"line":39,"column":0},"end":{"line":39,"column":24}}},"fnMap":{"0":{"name":"(anonymous_0)","decl":{"start":{"line":5,"column":38},"end":{"line":5,"column":39}},"loc":{"start":{"line":5,"column":58},"end":{"line":13,"column":1}},"line":5},"1":{"name":"(anonymous_1)","decl":{"start":{"line":15,"column":49},"end":{"line":15,"column":50}},"loc":{"start":{"line":15,"column":69},"end":{"line":27,"column":1}},"line":15},"2":{"name":"(anonymous_2)","decl":{"start":{"line":29,"column":52},"end":{"line":29,"column":53}},"loc":{"start":{"line":29,"column":72},"end":{"line":37,"column":1}},"line":29}},"branchMap":{"0":{"loc":{"start":{"line":11,"column":15},"end":{"line":11,"column":36}},"type":"binary-expr","locations":[{"start":{"line":11,"column":15},"end":{"line":11,"column":29}},{"start":{"line":11,"column":33},"end":{"line":11,"column":36}}],"line":11},"1":{"loc":{"start":{"line":25,"column":15},"end":{"line":25,"column":36}},"type":"binary-expr","locations":[{"start":{"line":25,"column":15},"end":{"line":25,"column":29}},{"start":{"line":25,"column":33},"end":{"line":25,"column":36}}],"line":25},"2":{"loc":{"start":{"line":35,"column":15},"end":{"line":35,"column":36}},"type":"binary-expr","locations":[{"start":{"line":35,"column":15},"end":{"line":35,"column":29}},{"start":{"line":35,"column":33},"end":{"line":35,"column":36}}],"line":35}},"s":{"0":3,"1":3,"2":3,"3":3,"4":7,"5":7,"6":1,"7":6,"8":6,"9":3,"10":5,"11":5,"12":1,"13":4,"14":4,"15":3,"16":2,"17":2,"18":1,"19":1,"20":1,"21":3},"f":{"0":7,"1":5,"2":2},"b":{"0":[6,0],"1":[4,0],"2":[1,0]},"_coverageSchema":"1a1c01bbd47fc00a2c39e90264f33305004495a9","hash":"e1e16dc6228b5d0d806159075b89c9b129cc584d"}
,"/Users/simaanarshad/Desktop/sandbox/routes/materialsRouter.js": {"path":"/Users/simaanarshad/Desktop/sandbox/routes/materialsRouter.js","statementMap":{"0":{"start":{"line":1,"column":15},"end":{"line":1,"column":42}},"1":{"start":{"line":2,"column":24},"end":{"line":2,"column":62}},"2":{"start":{"line":3,"column":17},"end":{"line":3,"column":43}},"3":{"start":{"line":5,"column":0},"end":{"line":13,"column":3}},"4":{"start":{"line":6,"column":2},"end":{"line":12,"column":3}},"5":{"start":{"line":7,"column":21},"end":{"line":7,"column":53}},"6":{"start":{"line":8,"column":4},"end":{"line":8,"column":35}},"7":{"start":{"line":10,"column":4},"end":{"line":10,"column":35}},"8":{"start":{"line":11,"column":4},"end":{"line":11,"column":69}},"9":{"start":{"line":15,"column":0},"end":{"line":23,"column":3}},"10":{"start":{"line":16,"column":2},"end":{"line":22,"column":3}},"11":{"start":{"line":17,"column":21},"end":{"line":17,"column":73}},"12":{"start":{"line":18,"column":4},"end":{"line":18,"column":35}},"13":{"start":{"line":20,"column":4},"end":{"line":20,"column":34}},"14":{"start":{"line":21,"column":4},"end":{"line":21,"column":69}},"15":{"start":{"line":25,"column":0},"end":{"line":33,"column":3}},"16":{"start":{"line":26,"column":2},"end":{"line":32,"column":3}},"17":{"start":{"line":27,"column":21},"end":{"line":27,"column":86}},"18":{"start":{"line":28,"column":4},"end":{"line":28,"column":35}},"19":{"start":{"line":30,"column":4},"end":{"line":30,"column":34}},"20":{"start":{"line":31,"column":4},"end":{"line":31,"column":69}},"21":{"start":{"line":35,"column":0},"end":{"line":43,"column":3}},"22":{"start":{"line":36,"column":2},"end":{"line":42,"column":3}},"23":{"start":{"line":37,"column":21},"end":{"line":37,"column":76}},"24":{"start":{"line":38,"column":4},"end":{"line":38,"column":35}},"25":{"start":{"line":40,"column":4},"end":{"line":40,"column":37}},"26":{"start":{"line":41,"column":4},"end":{"line":41,"column":69}},"27":{"start":{"line":45,"column":0},"end":{"line":45,"column":24}}},"fnMap":{"0":{"name":"(anonymous_0)","decl":{"start":{"line":5,"column":16},"end":{"line":5,"column":17}},"loc":{"start":{"line":5,"column":34},"end":{"line":13,"column":1}},"line":5},"1":{"name":"(anonymous_1)","decl":{"start":{"line":15,"column":19},"end":{"line":15,"column":20}},"loc":{"start":{"line":15,"column":39},"end":{"line":23,"column":1}},"line":15},"2":{"name":"(anonymous_2)","decl":{"start":{"line":25,"column":19},"end":{"line":25,"column":20}},"loc":{"start":{"line":25,"column":39},"end":{"line":33,"column":1}},"line":25},"3":{"name":"(anonymous_3)","decl":{"start":{"line":35,"column":22},"end":{"line":35,"column":23}},"loc":{"start":{"line":35,"column":42},"end":{"line":43,"column":1}},"line":35}},"branchMap":{"0":{"loc":{"start":{"line":11,"column":15},"end":{"line":11,"column":36}},"type":"binary-expr","locations":[{"start":{"line":11,"column":15},"end":{"line":11,"column":29}},{"start":{"line":11,"column":33},"end":{"line":11,"column":36}}],"line":11},"1":{"loc":{"start":{"line":21,"column":15},"end":{"line":21,"column":36}},"type":"binary-expr","locations":[{"start":{"line":21,"column":15},"end":{"line":21,"column":29}},{"start":{"line":21,"column":33},"end":{"line":21,"column":36}}],"line":21},"2":{"loc":{"start":{"line":31,"column":15},"end":{"line":31,"column":36}},"type":"binary-expr","locations":[{"start":{"line":31,"column":15},"end":{"line":31,"column":29}},{"start":{"line":31,"column":33},"end":{"line":31,"column":36}}],"line":31},"3":{"loc":{"start":{"line":41,"column":15},"end":{"line":41,"column":36}},"type":"binary-expr","locations":[{"start":{"line":41,"column":15},"end":{"line":41,"column":29}},{"start":{"line":41,"column":33},"end":{"line":41,"column":36}}],"line":41}},"s":{"0":3,"1":3,"2":3,"3":3,"4":1,"5":1,"6":1,"7":0,"8":0,"9":3,"10":2,"11":2,"12":1,"13":1,"14":1,"15":3,"16":5,"17":5,"18":1,"19":4,"20":4,"21":3,"22":2,"23":2,"24":1,"25":1,"26":1,"27":3},"f":{"0":1,"1":2,"2":5,"3":2},"b":{"0":[0,0],"1":[1,0],"2":[4,0],"3":[1,0]},"_coverageSchema":"1a1c01bbd47fc00a2c39e90264f33305004495a9","hash":"0c29c8b3f56e448c67698279ed1ef696970d09bf"}
,"/Users/simaanarshad/Desktop/sandbox/routes/weaponsRouter.js": {"path":"/Users/simaanarshad/Desktop/sandbox/routes/weaponsRouter.js","statementMap":{"0":{"start":{"line":1,"column":15},"end":{"line":1,"column":42}},"1":{"start":{"line":2,"column":22},"end":{"line":2,"column":58}},"2":{"start":{"line":3,"column":17},"end":{"line":3,"column":43}},"3":{"start":{"line":5,"column":0},"end":{"line":13,"column":3}},"4":{"start":{"line":6,"column":2},"end":{"line":12,"column":3}},"5":{"start":{"line":7,"column":21},"end":{"line":7,"column":51}},"6":{"start":{"line":8,"column":4},"end":{"line":8,"column":35}},"7":{"start":{"line":10,"column":4},"end":{"line":10,"column":32}},"8":{"start":{"line":11,"column":4},"end":{"line":11,"column":69}},"9":{"start":{"line":15,"column":0},"end":{"line":25,"column":3}},"10":{"start":{"line":16,"column":2},"end":{"line":24,"column":3}},"11":{"start":{"line":17,"column":21},"end":{"line":19,"column":5}},"12":{"start":{"line":20,"column":4},"end":{"line":20,"column":35}},"13":{"start":{"line":22,"column":4},"end":{"line":22,"column":42}},"14":{"start":{"line":23,"column":4},"end":{"line":23,"column":69}},"15":{"start":{"line":27,"column":0},"end":{"line":27,"column":24}}},"fnMap":{"0":{"name":"(anonymous_0)","decl":{"start":{"line":5,"column":16},"end":{"line":5,"column":17}},"loc":{"start":{"line":5,"column":34},"end":{"line":13,"column":1}},"line":5},"1":{"name":"(anonymous_1)","decl":{"start":{"line":15,"column":36},"end":{"line":15,"column":37}},"loc":{"start":{"line":15,"column":56},"end":{"line":25,"column":1}},"line":15}},"branchMap":{"0":{"loc":{"start":{"line":11,"column":15},"end":{"line":11,"column":36}},"type":"binary-expr","locations":[{"start":{"line":11,"column":15},"end":{"line":11,"column":29}},{"start":{"line":11,"column":33},"end":{"line":11,"column":36}}],"line":11},"1":{"loc":{"start":{"line":23,"column":15},"end":{"line":23,"column":36}},"type":"binary-expr","locations":[{"start":{"line":23,"column":15},"end":{"line":23,"column":29}},{"start":{"line":23,"column":33},"end":{"line":23,"column":36}}],"line":23}},"s":{"0":3,"1":3,"2":3,"3":3,"4":1,"5":1,"6":1,"7":0,"8":0,"9":3,"10":2,"11":2,"12":1,"13":1,"14":1,"15":3},"f":{"0":1,"1":2},"b":{"0":[0,0],"1":[1,0]},"_coverageSchema":"1a1c01bbd47fc00a2c39e90264f33305004495a9","hash":"dd1c457af30a3717c0d8e57e7a5d9552c3ee79a5"}
,"/Users/simaanarshad/Desktop/sandbox/services/compositionService.js": {"path":"/Users/simaanarshad/Desktop/sandbox/services/compositionService.js","statementMap":{"0":{"start":{"line":1,"column":20},"end":{"line":1,"column":52}},"1":{"start":{"line":2,"column":15},"end":{"line":2,"column":42}},"2":{"start":{"line":3,"column":28},"end":{"line":3,"column":54}},"3":{"start":{"line":5,"column":27},"end":{"line":125,"column":1}},"4":{"start":{"line":6,"column":17},"end":{"line":51,"column":3}},"5":{"start":{"line":7,"column":4},"end":{"line":11,"column":5}},"6":{"start":{"line":8,"column":6},"end":{"line":10,"column":8}},"7":{"start":{"line":13,"column":4},"end":{"line":15,"column":5}},"8":{"start":{"line":14,"column":6},"end":{"line":14,"column":69}},"9":{"start":{"line":17,"column":32},"end":{"line":20,"column":5}},"10":{"start":{"line":22,"column":4},"end":{"line":26,"column":5}},"11":{"start":{"line":23,"column":6},"end":{"line":25,"column":8}},"12":{"start":{"line":28,"column":27},"end":{"line":28,"column":70}},"13":{"start":{"line":30,"column":33},"end":{"line":30,"column":75}},"14":{"start":{"line":32,"column":4},"end":{"line":37,"column":5}},"15":{"start":{"line":33,"column":6},"end":{"line":33,"column":62}},"16":{"start":{"line":34,"column":6},"end":{"line":36,"column":8}},"17":{"start":{"line":39,"column":31},"end":{"line":41,"column":5}},"18":{"start":{"line":42,"column":22},"end":{"line":44,"column":5}},"19":{"start":{"line":43,"column":23},"end":{"line":43,"column":44}},"20":{"start":{"line":45,"column":27},"end":{"line":48,"column":6}},"21":{"start":{"line":50,"column":4},"end":{"line":50,"column":46}},"22":{"start":{"line":53,"column":17},"end":{"line":105,"column":3}},"23":{"start":{"line":54,"column":4},"end":{"line":58,"column":5}},"24":{"start":{"line":55,"column":6},"end":{"line":57,"column":8}},"25":{"start":{"line":60,"column":4},"end":{"line":62,"column":5}},"26":{"start":{"line":61,"column":6},"end":{"line":61,"column":69}},"27":{"start":{"line":64,"column":32},"end":{"line":67,"column":5}},"28":{"start":{"line":69,"column":4},"end":{"line":73,"column":5}},"29":{"start":{"line":70,"column":6},"end":{"line":72,"column":8}},"30":{"start":{"line":75,"column":31},"end":{"line":79,"column":5}},"31":{"start":{"line":81,"column":33},"end":{"line":81,"column":75}},"32":{"start":{"line":83,"column":4},"end":{"line":91,"column":5}},"33":{"start":{"line":84,"column":6},"end":{"line":87,"column":9}},"34":{"start":{"line":88,"column":6},"end":{"line":90,"column":8}},"35":{"start":{"line":93,"column":31},"end":{"line":95,"column":5}},"36":{"start":{"line":96,"column":22},"end":{"line":98,"column":5}},"37":{"start":{"line":97,"column":23},"end":{"line":97,"column":44}},"38":{"start":{"line":99,"column":27},"end":{"line":102,"column":6}},"39":{"start":{"line":104,"column":4},"end":{"line":104,"column":50}},"40":{"start":{"line":107,"column":17},"end":{"line":122,"column":3}},"41":{"start":{"line":108,"column":31},"end":{"line":108,"column":77}},"42":{"start":{"line":109,"column":31},"end":{"line":111,"column":5}},"43":{"start":{"line":113,"column":22},"end":{"line":115,"column":5}},"44":{"start":{"line":114,"column":23},"end":{"line":114,"column":44}},"45":{"start":{"line":116,"column":27},"end":{"line":119,"column":6}},"46":{"start":{"line":121,"column":4},"end":{"line":121,"column":50}},"47":{"start":{"line":124,"column":2},"end":{"line":124,"column":36}},"48":{"start":{"line":127,"column":0},"end":{"line":127,"column":36}}},"fnMap":{"0":{"name":"(anonymous_0)","decl":{"start":{"line":5,"column":27},"end":{"line":5,"column":28}},"loc":{"start":{"line":5,"column":33},"end":{"line":125,"column":1}},"line":5},"1":{"name":"(anonymous_1)","decl":{"start":{"line":6,"column":17},"end":{"line":6,"column":18}},"loc":{"start":{"line":6,"column":46},"end":{"line":51,"column":3}},"line":6},"2":{"name":"(anonymous_2)","decl":{"start":{"line":43,"column":6},"end":{"line":43,"column":7}},"loc":{"start":{"line":43,"column":23},"end":{"line":43,"column":44}},"line":43},"3":{"name":"(anonymous_3)","decl":{"start":{"line":53,"column":17},"end":{"line":53,"column":18}},"loc":{"start":{"line":53,"column":58},"end":{"line":105,"column":3}},"line":53},"4":{"name":"(anonymous_4)","decl":{"start":{"line":97,"column":6},"end":{"line":97,"column":7}},"loc":{"start":{"line":97,"column":23},"end":{"line":97,"column":44}},"line":97},"5":{"name":"(anonymous_5)","decl":{"start":{"line":107,"column":17},"end":{"line":107,"column":18}},"loc":{"start":{"line":107,"column":49},"end":{"line":122,"column":3}},"line":107},"6":{"name":"(anonymous_6)","decl":{"start":{"line":114,"column":6},"end":{"line":114,"column":7}},"loc":{"start":{"line":114,"column":23},"end":{"line":114,"column":44}},"line":114}},"branchMap":{"0":{"loc":{"start":{"line":7,"column":4},"end":{"line":11,"column":5}},"type":"if","locations":[{"start":{"line":7,"column":4},"end":{"line":11,"column":5}},{"start":{},"end":{}}],"line":7},"1":{"loc":{"start":{"line":13,"column":4},"end":{"line":15,"column":5}},"type":"if","locations":[{"start":{"line":13,"column":4},"end":{"line":15,"column":5}},{"start":{},"end":{}}],"line":13},"2":{"loc":{"start":{"line":22,"column":4},"end":{"line":26,"column":5}},"type":"if","locations":[{"start":{"line":22,"column":4},"end":{"line":26,"column":5}},{"start":{},"end":{}}],"line":22},"3":{"loc":{"start":{"line":32,"column":4},"end":{"line":37,"column":5}},"type":"if","locations":[{"start":{"line":32,"column":4},"end":{"line":37,"column":5}},{"start":{},"end":{}}],"line":32},"4":{"loc":{"start":{"line":54,"column":4},"end":{"line":58,"column":5}},"type":"if","locations":[{"start":{"line":54,"column":4},"end":{"line":58,"column":5}},{"start":{},"end":{}}],"line":54},"5":{"loc":{"start":{"line":60,"column":4},"end":{"line":62,"column":5}},"type":"if","locations":[{"start":{"line":60,"column":4},"end":{"line":62,"column":5}},{"start":{},"end":{}}],"line":60},"6":{"loc":{"start":{"line":69,"column":4},"end":{"line":73,"column":5}},"type":"if","locations":[{"start":{"line":69,"column":4},"end":{"line":73,"column":5}},{"start":{},"end":{}}],"line":69},"7":{"loc":{"start":{"line":83,"column":4},"end":{"line":91,"column":5}},"type":"if","locations":[{"start":{"line":83,"column":4},"end":{"line":91,"column":5}},{"start":{},"end":{}}],"line":83}},"s":{"0":3,"1":3,"2":3,"3":3,"4":14,"5":7,"6":1,"7":6,"8":2,"9":4,"10":4,"11":2,"12":2,"13":2,"14":2,"15":1,"16":1,"17":1,"18":1,"19":0,"20":1,"21":1,"22":14,"23":5,"24":1,"25":4,"26":1,"27":3,"28":3,"29":1,"30":2,"31":1,"32":1,"33":0,"34":0,"35":1,"36":1,"37":0,"38":1,"39":1,"40":14,"41":2,"42":1,"43":1,"44":0,"45":1,"46":1,"47":14,"48":3},"f":{"0":14,"1":7,"2":0,"3":5,"4":0,"5":2,"6":0},"b":{"0":[1,6],"1":[2,4],"2":[2,2],"3":[1,1],"4":[1,4],"5":[1,3],"6":[1,2],"7":[0,1]},"_coverageSchema":"1a1c01bbd47fc00a2c39e90264f33305004495a9","hash":"971fe2f25a7ff01a45f003058c4e0cfe761d63b8"}
,"/Users/simaanarshad/Desktop/sandbox/services/materialService.js": {"path":"/Users/simaanarshad/Desktop/sandbox/services/materialService.js","statementMap":{"0":{"start":{"line":1,"column":20},"end":{"line":1,"column":52}},"1":{"start":{"line":2,"column":17},"end":{"line":2,"column":46}},"2":{"start":{"line":3,"column":15},"end":{"line":3,"column":42}},"3":{"start":{"line":4,"column":28},"end":{"line":4,"column":54}},"4":{"start":{"line":6,"column":24},"end":{"line":49,"column":1}},"5":{"start":{"line":7,"column":17},"end":{"line":10,"column":3}},"6":{"start":{"line":8,"column":22},"end":{"line":8,"column":45}},"7":{"start":{"line":9,"column":4},"end":{"line":9,"column":25}},"8":{"start":{"line":12,"column":14},"end":{"line":15,"column":3}},"9":{"start":{"line":13,"column":21},"end":{"line":13,"column":43}},"10":{"start":{"line":14,"column":4},"end":{"line":14,"column":24}},"11":{"start":{"line":17,"column":17},"end":{"line":30,"column":3}},"12":{"start":{"line":18,"column":4},"end":{"line":20,"column":5}},"13":{"start":{"line":19,"column":6},"end":{"line":19,"column":73}},"14":{"start":{"line":22,"column":21},"end":{"line":22,"column":43}},"15":{"start":{"line":23,"column":28},"end":{"line":23,"column":70}},"16":{"start":{"line":24,"column":31},"end":{"line":24,"column":90}},"17":{"start":{"line":26,"column":22},"end":{"line":26,"column":82}},"18":{"start":{"line":26,"column":60},"end":{"line":26,"column":81}},"19":{"start":{"line":27,"column":27},"end":{"line":27,"column":98}},"20":{"start":{"line":29,"column":4},"end":{"line":29,"column":47}},"21":{"start":{"line":32,"column":17},"end":{"line":46,"column":3}},"22":{"start":{"line":33,"column":21},"end":{"line":33,"column":43}},"23":{"start":{"line":34,"column":31},"end":{"line":34,"column":83}},"24":{"start":{"line":36,"column":22},"end":{"line":36,"column":82}},"25":{"start":{"line":36,"column":60},"end":{"line":36,"column":81}},"26":{"start":{"line":37,"column":29},"end":{"line":37,"column":83}},"27":{"start":{"line":39,"column":31},"end":{"line":39,"column":76}},"28":{"start":{"line":39,"column":64},"end":{"line":39,"column":75}},"29":{"start":{"line":40,"column":27},"end":{"line":40,"column":76}},"30":{"start":{"line":42,"column":22},"end":{"line":42,"column":61}},"31":{"start":{"line":42,"column":51},"end":{"line":42,"column":60}},"32":{"start":{"line":43,"column":26},"end":{"line":43,"column":59}},"33":{"start":{"line":45,"column":4},"end":{"line":45,"column":47}},"34":{"start":{"line":48,"column":2},"end":{"line":48,"column":41}},"35":{"start":{"line":51,"column":0},"end":{"line":51,"column":33}}},"fnMap":{"0":{"name":"(anonymous_0)","decl":{"start":{"line":6,"column":24},"end":{"line":6,"column":25}},"loc":{"start":{"line":6,"column":30},"end":{"line":49,"column":1}},"line":6},"1":{"name":"(anonymous_1)","decl":{"start":{"line":7,"column":17},"end":{"line":7,"column":18}},"loc":{"start":{"line":7,"column":29},"end":{"line":10,"column":3}},"line":7},"2":{"name":"(anonymous_2)","decl":{"start":{"line":12,"column":14},"end":{"line":12,"column":15}},"loc":{"start":{"line":12,"column":26},"end":{"line":15,"column":3}},"line":12},"3":{"name":"(anonymous_3)","decl":{"start":{"line":17,"column":17},"end":{"line":17,"column":18}},"loc":{"start":{"line":17,"column":39},"end":{"line":30,"column":3}},"line":17},"4":{"name":"(anonymous_4)","decl":{"start":{"line":26,"column":45},"end":{"line":26,"column":46}},"loc":{"start":{"line":26,"column":60},"end":{"line":26,"column":81}},"line":26},"5":{"name":"(anonymous_5)","decl":{"start":{"line":32,"column":17},"end":{"line":32,"column":18}},"loc":{"start":{"line":32,"column":29},"end":{"line":46,"column":3}},"line":32},"6":{"name":"(anonymous_6)","decl":{"start":{"line":36,"column":45},"end":{"line":36,"column":46}},"loc":{"start":{"line":36,"column":60},"end":{"line":36,"column":81}},"line":36},"7":{"name":"(anonymous_7)","decl":{"start":{"line":39,"column":52},"end":{"line":39,"column":53}},"loc":{"start":{"line":39,"column":64},"end":{"line":39,"column":75}},"line":39},"8":{"name":"(anonymous_8)","decl":{"start":{"line":42,"column":41},"end":{"line":42,"column":42}},"loc":{"start":{"line":42,"column":51},"end":{"line":42,"column":60}},"line":42}},"branchMap":{"0":{"loc":{"start":{"line":18,"column":4},"end":{"line":20,"column":5}},"type":"if","locations":[{"start":{"line":18,"column":4},"end":{"line":20,"column":5}},{"start":{},"end":{}}],"line":18},"1":{"loc":{"start":{"line":18,"column":8},"end":{"line":18,"column":48}},"type":"binary-expr","locations":[{"start":{"line":18,"column":8},"end":{"line":18,"column":30}},{"start":{"line":18,"column":34},"end":{"line":18,"column":48}}],"line":18}},"s":{"0":3,"1":3,"2":3,"3":3,"4":3,"5":10,"6":1,"7":1,"8":10,"9":2,"10":1,"11":10,"12":5,"13":3,"14":2,"15":1,"16":1,"17":1,"18":0,"19":1,"20":1,"21":10,"22":2,"23":1,"24":1,"25":0,"26":1,"27":1,"28":1,"29":1,"30":1,"31":1,"32":1,"33":1,"34":10,"35":3},"f":{"0":10,"1":1,"2":2,"3":5,"4":0,"5":2,"6":0,"7":1,"8":1},"b":{"0":[3,2],"1":[5,3]},"_coverageSchema":"1a1c01bbd47fc00a2c39e90264f33305004495a9","hash":"aae513062242fec475b46260f88d5c8e40440347"}
,"/Users/simaanarshad/Desktop/sandbox/services/weaponService.js": {"path":"/Users/simaanarshad/Desktop/sandbox/services/weaponService.js","statementMap":{"0":{"start":{"line":1,"column":15},"end":{"line":1,"column":42}},"1":{"start":{"line":3,"column":22},"end":{"line":15,"column":1}},"2":{"start":{"line":4,"column":17},"end":{"line":7,"column":3}},"3":{"start":{"line":5,"column":20},"end":{"line":5,"column":41}},"4":{"start":{"line":6,"column":4},"end":{"line":6,"column":23}},"5":{"start":{"line":9,"column":30},"end":{"line":12,"column":3}},"6":{"start":{"line":10,"column":34},"end":{"line":10,"column":70}},"7":{"start":{"line":11,"column":4},"end":{"line":11,"column":33}},"8":{"start":{"line":14,"column":2},"end":{"line":14,"column":41}},"9":{"start":{"line":17,"column":0},"end":{"line":17,"column":31}}},"fnMap":{"0":{"name":"(anonymous_0)","decl":{"start":{"line":3,"column":22},"end":{"line":3,"column":23}},"loc":{"start":{"line":3,"column":28},"end":{"line":15,"column":1}},"line":3},"1":{"name":"(anonymous_1)","decl":{"start":{"line":4,"column":17},"end":{"line":4,"column":18}},"loc":{"start":{"line":4,"column":29},"end":{"line":7,"column":3}},"line":4},"2":{"name":"(anonymous_2)","decl":{"start":{"line":9,"column":30},"end":{"line":9,"column":31}},"loc":{"start":{"line":9,"column":42},"end":{"line":12,"column":3}},"line":9}},"branchMap":{},"s":{"0":3,"1":3,"2":3,"3":1,"4":1,"5":3,"6":2,"7":1,"8":3,"9":3},"f":{"0":3,"1":1,"2":2},"b":{},"_coverageSchema":"1a1c01bbd47fc00a2c39e90264f33305004495a9","hash":"a4942a30f67a7fa14421fd8b29421ba20493e98d"}
,"/Users/simaanarshad/Desktop/sandbox/utils/errors.js": {"path":"/Users/simaanarshad/Desktop/sandbox/utils/errors.js","statementMap":{"0":{"start":{"line":1,"column":15},"end":{"line":1,"column":34}},"1":{"start":{"line":3,"column":18},"end":{"line":7,"column":1}},"2":{"start":{"line":9,"column":24},"end":{"line":9,"column":82}},"3":{"start":{"line":9,"column":36},"end":{"line":9,"column":81}},"4":{"start":{"line":10,"column":22},"end":{"line":10,"column":78}},"5":{"start":{"line":10,"column":34},"end":{"line":10,"column":77}},"6":{"start":{"line":12,"column":24},"end":{"line":19,"column":1}},"7":{"start":{"line":13,"column":2},"end":{"line":17,"column":3}},"8":{"start":{"line":14,"column":4},"end":{"line":14,"column":38}},"9":{"start":{"line":15,"column":4},"end":{"line":15,"column":25}},"10":{"start":{"line":16,"column":4},"end":{"line":16,"column":57}},"11":{"start":{"line":18,"column":2},"end":{"line":18,"column":15}},"12":{"start":{"line":21,"column":0},"end":{"line":21,"column":80}}},"fnMap":{"0":{"name":"(anonymous_0)","decl":{"start":{"line":9,"column":24},"end":{"line":9,"column":25}},"loc":{"start":{"line":9,"column":36},"end":{"line":9,"column":81}},"line":9},"1":{"name":"(anonymous_1)","decl":{"start":{"line":10,"column":22},"end":{"line":10,"column":23}},"loc":{"start":{"line":10,"column":34},"end":{"line":10,"column":77}},"line":10},"2":{"name":"(anonymous_2)","decl":{"start":{"line":12,"column":24},"end":{"line":12,"column":25}},"loc":{"start":{"line":12,"column":44},"end":{"line":19,"column":1}},"line":12}},"branchMap":{"0":{"loc":{"start":{"line":13,"column":2},"end":{"line":17,"column":3}},"type":"if","locations":[{"start":{"line":13,"column":2},"end":{"line":17,"column":3}},{"start":{},"end":{}}],"line":13}},"s":{"0":4,"1":4,"2":4,"3":12,"4":4,"5":6,"6":4,"7":6,"8":0,"9":0,"10":0,"11":6,"12":4},"f":{"0":12,"1":6,"2":6},"b":{"0":[0,6]},"_coverageSchema":"1a1c01bbd47fc00a2c39e90264f33305004495a9","hash":"2ff9e352dccdf976a77e7834253e8d24ae43a202"}
,"/Users/simaanarshad/Desktop/sandbox/utils/logger.js": {"path":"/Users/simaanarshad/Desktop/sandbox/utils/logger.js","statementMap":{"0":{"start":{"line":1,"column":0},"end":{"line":4,"column":2}},"1":{"start":{"line":2,"column":2},"end":{"line":2,"column":38}},"2":{"start":{"line":3,"column":2},"end":{"line":3,"column":23}}},"fnMap":{"0":{"name":"(anonymous_0)","decl":{"start":{"line":1,"column":17},"end":{"line":1,"column":18}},"loc":{"start":{"line":1,"column":35},"end":{"line":4,"column":1}},"line":1}},"branchMap":{},"s":{"0":4,"1":18,"2":18},"f":{"0":18},"b":{},"_coverageSchema":"1a1c01bbd47fc00a2c39e90264f33305004495a9","hash":"c7b40d2105fca2e161ae969453195b872c09a217"}
,"/Users/simaanarshad/Desktop/sandbox/utils/tree.js": {"path":"/Users/simaanarshad/Desktop/sandbox/utils/tree.js","statementMap":{"0":{"start":{"line":6,"column":4},"end":{"line":6,"column":17}},"1":{"start":{"line":7,"column":4},"end":{"line":7,"column":21}},"2":{"start":{"line":8,"column":4},"end":{"line":8,"column":23}},"3":{"start":{"line":21,"column":17},"end":{"line":21,"column":35}},"4":{"start":{"line":22,"column":4},"end":{"line":22,"column":21}},"5":{"start":{"line":32,"column":18},"end":{"line":32,"column":20}},"6":{"start":{"line":33,"column":4},"end":{"line":33,"column":21}},"7":{"start":{"line":35,"column":4},"end":{"line":45,"column":5}},"8":{"start":{"line":36,"column":23},"end":{"line":36,"column":36}},"9":{"start":{"line":38,"column":6},"end":{"line":40,"column":7}},"10":{"start":{"line":39,"column":8},"end":{"line":39,"column":24}},"11":{"start":{"line":42,"column":6},"end":{"line":44,"column":7}},"12":{"start":{"line":43,"column":8},"end":{"line":43,"column":30}},"13":{"start":{"line":47,"column":4},"end":{"line":47,"column":16}},"14":{"start":{"line":55,"column":4},"end":{"line":63,"column":5}},"15":{"start":{"line":56,"column":25},"end":{"line":56,"column":69}},"16":{"start":{"line":57,"column":22},"end":{"line":61,"column":8}},"17":{"start":{"line":62,"column":6},"end":{"line":62,"column":40}},"18":{"start":{"line":73,"column":4},"end":{"line":75,"column":5}},"19":{"start":{"line":74,"column":6},"end":{"line":74,"column":15}},"20":{"start":{"line":77,"column":4},"end":{"line":79,"column":5}},"21":{"start":{"line":78,"column":6},"end":{"line":78,"column":53}},"22":{"start":{"line":81,"column":14},"end":{"line":81,"column":15}},"23":{"start":{"line":82,"column":4},"end":{"line":84,"column":5}},"24":{"start":{"line":83,"column":6},"end":{"line":83,"column":56}},"25":{"start":{"line":86,"column":4},"end":{"line":86,"column":59}},"26":{"start":{"line":96,"column":4},"end":{"line":98,"column":5}},"27":{"start":{"line":97,"column":6},"end":{"line":97,"column":15}},"28":{"start":{"line":100,"column":4},"end":{"line":102,"column":5}},"29":{"start":{"line":101,"column":6},"end":{"line":101,"column":45}},"30":{"start":{"line":104,"column":14},"end":{"line":104,"column":15}},"31":{"start":{"line":105,"column":4},"end":{"line":107,"column":5}},"32":{"start":{"line":106,"column":6},"end":{"line":106,"column":51}},"33":{"start":{"line":109,"column":4},"end":{"line":109,"column":58}},"34":{"start":{"line":118,"column":4},"end":{"line":120,"column":5}},"35":{"start":{"line":119,"column":6},"end":{"line":119,"column":13}},"36":{"start":{"line":122,"column":4},"end":{"line":124,"column":5}},"37":{"start":{"line":123,"column":6},"end":{"line":123,"column":31}},"38":{"start":{"line":126,"column":4},"end":{"line":126,"column":90}},"39":{"start":{"line":130,"column":0},"end":{"line":130,"column":22}}},"fnMap":{"0":{"name":"(anonymous_0)","decl":{"start":{"line":5,"column":2},"end":{"line":5,"column":3}},"loc":{"start":{"line":5,"column":24},"end":{"line":9,"column":3}},"line":5},"1":{"name":"(anonymous_1)","decl":{"start":{"line":20,"column":2},"end":{"line":20,"column":3}},"loc":{"start":{"line":20,"column":24},"end":{"line":23,"column":3}},"line":20},"2":{"name":"(anonymous_2)","decl":{"start":{"line":31,"column":2},"end":{"line":31,"column":3}},"loc":{"start":{"line":31,"column":21},"end":{"line":48,"column":3}},"line":31},"3":{"name":"(anonymous_3)","decl":{"start":{"line":54,"column":2},"end":{"line":54,"column":3}},"loc":{"start":{"line":54,"column":22},"end":{"line":64,"column":3}},"line":54},"4":{"name":"(anonymous_4)","decl":{"start":{"line":72,"column":2},"end":{"line":72,"column":3}},"loc":{"start":{"line":72,"column":35},"end":{"line":87,"column":3}},"line":72},"5":{"name":"(anonymous_5)","decl":{"start":{"line":95,"column":2},"end":{"line":95,"column":3}},"loc":{"start":{"line":95,"column":30},"end":{"line":110,"column":3}},"line":95},"6":{"name":"(anonymous_6)","decl":{"start":{"line":117,"column":2},"end":{"line":117,"column":3}},"loc":{"start":{"line":117,"column":17},"end":{"line":127,"column":3}},"line":117}},"branchMap":{"0":{"loc":{"start":{"line":38,"column":6},"end":{"line":40,"column":7}},"type":"if","locations":[{"start":{"line":38,"column":6},"end":{"line":40,"column":7}},{"start":{},"end":{}}],"line":38},"1":{"loc":{"start":{"line":73,"column":4},"end":{"line":75,"column":5}},"type":"if","locations":[{"start":{"line":73,"column":4},"end":{"line":75,"column":5}},{"start":{},"end":{}}],"line":73},"2":{"loc":{"start":{"line":77,"column":4},"end":{"line":79,"column":5}},"type":"if","locations":[{"start":{"line":77,"column":4},"end":{"line":79,"column":5}},{"start":{},"end":{}}],"line":77},"3":{"loc":{"start":{"line":96,"column":4},"end":{"line":98,"column":5}},"type":"if","locations":[{"start":{"line":96,"column":4},"end":{"line":98,"column":5}},{"start":{},"end":{}}],"line":96},"4":{"loc":{"start":{"line":100,"column":4},"end":{"line":102,"column":5}},"type":"if","locations":[{"start":{"line":100,"column":4},"end":{"line":102,"column":5}},{"start":{},"end":{}}],"line":100},"5":{"loc":{"start":{"line":109,"column":36},"end":{"line":109,"column":56}},"type":"binary-expr","locations":[{"start":{"line":109,"column":36},"end":{"line":109,"column":51}},{"start":{"line":109,"column":55},"end":{"line":109,"column":56}}],"line":109},"6":{"loc":{"start":{"line":118,"column":4},"end":{"line":120,"column":5}},"type":"if","locations":[{"start":{"line":118,"column":4},"end":{"line":120,"column":5}},{"start":{},"end":{}}],"line":118}},"s":{"0":94,"1":94,"2":94,"3":20,"4":20,"5":74,"6":74,"7":74,"8":162,"9":162,"10":74,"11":88,"12":134,"13":0,"14":20,"15":74,"16":74,"17":74,"18":83,"19":0,"20":83,"21":46,"22":37,"23":37,"24":65,"25":37,"26":11,"27":0,"28":11,"29":6,"30":5,"31":5,"32":9,"33":5,"34":0,"35":0,"36":0,"37":0,"38":0,"39":4},"f":{"0":94,"1":20,"2":74,"3":20,"4":83,"5":11,"6":0},"b":{"0":[74,88],"1":[0,83],"2":[46,37],"3":[0,11],"4":[6,5],"5":[5,2],"6":[0,0]},"_coverageSchema":"1a1c01bbd47fc00a2c39e90264f33305004495a9","hash":"ab52641b7c8e37614cf12fcf1befbbe394d13b72"}
}
