TN:
SF:knexfile.js
FNF:0
FNH:0
DA:1,5
DA:2,5
DA:5,5
LF:3
LH:3
BRF:0
BRH:0
end_of_record
TN:
SF:server.js
FN:20,(anonymous_0)
FNF:1
FNH:1
FNDA:1,(anonymous_0)
DA:1,4
DA:2,4
DA:4,4
DA:6,4
DA:7,4
DA:8,4
DA:11,4
DA:12,4
DA:15,4
DA:16,4
DA:17,4
DA:20,4
DA:21,1
DA:24,4
LF:14
LH:14
BRF:0
BRH:0
end_of_record
TN:
SF:config/dbConfig.js
FNF:0
FNH:0
DA:1,5
DA:2,5
DA:4,5
DA:6,5
LF:4
LH:4
BRDA:4,0,0,5
BRDA:4,0,1,5
BRF:2
BRH:2
end_of_record
TN:
SF:models/composition.js
FN:7,(anonymous_0)
FN:13,(anonymous_1)
FN:27,(anonymous_2)
FN:42,(anonymous_3)
FN:65,(anonymous_4)
FN:68,(anonymous_5)
FN:72,(anonymous_6)
FN:82,(anonymous_7)
FN:88,(anonymous_8)
FN:91,(anonymous_9)
FN:94,(anonymous_10)
FN:98,(anonymous_11)
FN:115,(anonymous_12)
FNF:13
FNH:12
FNDA:8,(anonymous_0)
FNDA:7,(anonymous_1)
FNDA:2,(anonymous_2)
FNDA:2,(anonymous_3)
FNDA:5,(anonymous_4)
FNDA:5,(anonymous_5)
FNDA:5,(anonymous_6)
FNDA:0,(anonymous_7)
FNDA:3,(anonymous_8)
FNDA:3,(anonymous_9)
FNDA:3,(anonymous_10)
FNDA:3,(anonymous_11)
FNDA:3,(anonymous_12)
DA:1,4
DA:2,4
DA:4,4
DA:8,8
DA:9,8
DA:10,8
DA:14,7
DA:15,7
DA:17,7
DA:18,4
DA:21,3
DA:23,0
DA:28,2
DA:29,2
DA:36,2
DA:38,0
DA:43,2
DA:44,2
DA:53,2
DA:54,1
DA:59,1
DA:61,1
DA:66,5
DA:67,5
DA:69,5
DA:73,5
DA:82,5
DA:84,0
DA:89,3
DA:90,3
DA:92,3
DA:95,3
DA:99,3
DA:109,3
DA:111,0
DA:116,3
DA:117,3
DA:123,3
DA:124,1
DA:129,2
DA:131,1
DA:136,4
LF:42
LH:38
BRDA:17,0,0,4
BRDA:17,0,1,3
BRDA:53,1,0,1
BRDA:53,1,1,1
BRDA:123,2,0,1
BRDA:123,2,1,2
BRF:6
BRH:6
end_of_record
TN:
SF:models/material.js
FN:6,(anonymous_0)
FN:13,(anonymous_1)
FN:16,(anonymous_2)
FN:22,(anonymous_3)
FN:36,(anonymous_4)
FN:50,(anonymous_5)
FN:53,(anonymous_6)
FNF:7
FNH:7
FNDA:29,(anonymous_0)
FNDA:2,(anonymous_1)
FNDA:24,(anonymous_2)
FNDA:6,(anonymous_3)
FNDA:1,(anonymous_4)
FNDA:1,(anonymous_5)
FNDA:1,(anonymous_6)
DA:1,4
DA:2,4
DA:3,4
DA:7,29
DA:8,29
DA:9,29
DA:10,29
DA:14,2
DA:15,2
DA:16,24
DA:18,0
DA:23,6
DA:24,6
DA:26,6
DA:27,3
DA:30,3
DA:32,3
DA:37,1
DA:38,1
DA:40,1
DA:41,0
DA:44,1
DA:46,0
DA:51,1
DA:52,1
DA:53,1
DA:55,0
DA:60,4
LF:28
LH:24
BRDA:26,0,0,3
BRDA:26,0,1,3
BRDA:40,1,0,0
BRDA:40,1,1,1
BRF:4
BRH:3
end_of_record
TN:
SF:models/weapon.js
FN:8,(anonymous_0)
FN:15,(anonymous_1)
FN:18,(anonymous_2)
FN:24,(anonymous_3)
FN:32,(anonymous_4)
FN:38,(anonymous_5)
FN:46,(anonymous_6)
FN:52,(anonymous_7)
FN:78,(anonymous_8)
FN:89,(anonymous_9)
FN:95,(anonymous_10)
FN:127,(anonymous_11)
FN:142,(anonymous_12)
FN:145,(anonymous_13)
FN:166,(anonymous_14)
FN:171,(anonymous_15)
FNF:16
FNH:14
FNDA:21,(anonymous_0)
FNDA:2,(anonymous_1)
FNDA:6,(anonymous_2)
FNDA:0,(anonymous_3)
FNDA:0,(anonymous_4)
FNDA:5,(anonymous_5)
FNDA:5,(anonymous_6)
FNDA:5,(anonymous_7)
FNDA:4,(anonymous_8)
FNDA:4,(anonymous_9)
FNDA:2,(anonymous_10)
FNDA:4,(anonymous_11)
FNDA:1,(anonymous_12)
FNDA:1,(anonymous_13)
FNDA:21,(anonymous_14)
FNDA:21,(anonymous_15)
DA:1,5
DA:2,5
DA:3,5
DA:5,5
DA:9,21
DA:10,21
DA:11,21
DA:12,21
DA:16,2
DA:17,2
DA:18,6
DA:20,0
DA:25,0
DA:26,0
DA:32,0
DA:34,0
DA:39,5
DA:40,5
DA:46,5
DA:48,0
DA:53,5
DA:54,5
DA:56,5
DA:57,0
DA:60,5
DA:62,5
DA:64,5
DA:65,18
DA:67,18
DA:68,18
DA:69,18
DA:72,5
DA:74,0
DA:79,4
DA:80,4
DA:82,4
DA:83,4
DA:84,4
DA:85,4
DA:86,4
DA:89,4
DA:91,0
DA:96,2
DA:97,2
DA:99,2
DA:100,1
DA:103,1
DA:105,1
DA:107,1
DA:108,3
DA:110,3
DA:111,1
DA:112,1
DA:115,2
DA:116,2
DA:117,2
DA:118,2
DA:121,1
DA:123,1
DA:128,4
DA:129,4
DA:131,4
DA:132,0
DA:135,4
DA:136,4
DA:138,0
DA:143,1
DA:144,1
DA:145,1
DA:147,0
DA:152,6
DA:153,6
DA:159,0
DA:164,21
DA:165,21
DA:167,21
DA:172,21
DA:182,0
DA:187,5
LF:79
LH:65
BRDA:56,0,0,0
BRDA:56,0,1,5
BRDA:99,1,0,1
BRDA:99,1,1,1
BRDA:110,2,0,1
BRDA:110,2,1,2
BRDA:131,3,0,0
BRDA:131,3,1,4
BRF:8
BRH:6
end_of_record
TN:
SF:routes/compositionsRouter.js
FN:5,(anonymous_0)
FN:15,(anonymous_1)
FN:29,(anonymous_2)
FNF:3
FNH:3
FNDA:7,(anonymous_0)
FNDA:5,(anonymous_1)
FNDA:2,(anonymous_2)
DA:1,4
DA:2,4
DA:3,4
DA:5,4
DA:6,7
DA:7,7
DA:8,1
DA:10,6
DA:11,6
DA:15,4
DA:16,5
DA:17,5
DA:22,1
DA:24,4
DA:25,4
DA:29,4
DA:30,2
DA:31,2
DA:32,1
DA:34,1
DA:35,1
DA:39,4
LF:22
LH:22
BRDA:11,0,0,6
BRDA:11,0,1,0
BRDA:25,1,0,4
BRDA:25,1,1,0
BRDA:35,2,0,1
BRDA:35,2,1,0
BRF:6
BRH:3
end_of_record
TN:
SF:routes/materialsRouter.js
FN:5,(anonymous_0)
FN:15,(anonymous_1)
FN:25,(anonymous_2)
FN:35,(anonymous_3)
FNF:4
FNH:4
FNDA:2,(anonymous_0)
FNDA:2,(anonymous_1)
FNDA:5,(anonymous_2)
FNDA:2,(anonymous_3)
DA:1,4
DA:2,4
DA:3,4
DA:5,4
DA:6,2
DA:7,2
DA:8,2
DA:10,0
DA:11,0
DA:15,4
DA:16,2
DA:17,2
DA:18,1
DA:20,1
DA:21,1
DA:25,4
DA:26,5
DA:27,5
DA:28,1
DA:30,4
DA:31,4
DA:35,4
DA:36,2
DA:37,2
DA:38,1
DA:40,1
DA:41,1
DA:45,4
LF:28
LH:26
BRDA:11,0,0,0
BRDA:11,0,1,0
BRDA:21,1,0,1
BRDA:21,1,1,0
BRDA:31,2,0,4
BRDA:31,2,1,0
BRDA:41,3,0,1
BRDA:41,3,1,0
BRF:8
BRH:3
end_of_record
TN:
SF:routes/weaponsRouter.js
FN:5,(anonymous_0)
FN:15,(anonymous_1)
FNF:2
FNH:2
FNDA:2,(anonymous_0)
FNDA:2,(anonymous_1)
DA:1,4
DA:2,4
DA:3,4
DA:5,4
DA:6,2
DA:7,2
DA:8,2
DA:10,0
DA:11,0
DA:15,4
DA:16,2
DA:17,2
DA:20,1
DA:22,1
DA:23,1
DA:27,4
LF:16
LH:14
BRDA:11,0,0,0
BRDA:11,0,1,0
BRDA:23,1,0,1
BRDA:23,1,1,0
BRF:4
BRH:1
end_of_record
TN:
SF:services/compositionService.js
FN:5,(anonymous_0)
FN:6,(anonymous_1)
FN:43,(anonymous_2)
FN:53,(anonymous_3)
FN:97,(anonymous_4)
FN:107,(anonymous_5)
FN:114,(anonymous_6)
FNF:7
FNH:4
FNDA:14,(anonymous_0)
FNDA:7,(anonymous_1)
FNDA:0,(anonymous_2)
FNDA:5,(anonymous_3)
FNDA:0,(anonymous_4)
FNDA:2,(anonymous_5)
FNDA:0,(anonymous_6)
DA:1,4
DA:2,4
DA:3,4
DA:5,4
DA:6,14
DA:7,7
DA:8,1
DA:13,6
DA:14,2
DA:17,4
DA:22,4
DA:23,2
DA:28,2
DA:30,2
DA:32,2
DA:33,1
DA:34,1
DA:39,1
DA:42,1
DA:43,0
DA:45,1
DA:50,1
DA:53,14
DA:54,5
DA:55,1
DA:60,4
DA:61,1
DA:64,3
DA:69,3
DA:70,1
DA:75,2
DA:81,1
DA:83,1
DA:84,0
DA:88,0
DA:93,1
DA:96,1
DA:97,0
DA:99,1
DA:104,1
DA:107,14
DA:108,2
DA:109,1
DA:113,1
DA:114,0
DA:116,1
DA:121,1
DA:124,14
DA:127,4
LF:49
LH:44
BRDA:7,0,0,1
BRDA:7,0,1,6
BRDA:13,1,0,2
BRDA:13,1,1,4
BRDA:22,2,0,2
BRDA:22,2,1,2
BRDA:32,3,0,1
BRDA:32,3,1,1
BRDA:54,4,0,1
BRDA:54,4,1,4
BRDA:60,5,0,1
BRDA:60,5,1,3
BRDA:69,6,0,1
BRDA:69,6,1,2
BRDA:83,7,0,0
BRDA:83,7,1,1
BRF:16
BRH:15
end_of_record
TN:
SF:services/materialService.js
FN:6,(anonymous_0)
FN:7,(anonymous_1)
FN:12,(anonymous_2)
FN:17,(anonymous_3)
FN:26,(anonymous_4)
FN:32,(anonymous_5)
FN:36,(anonymous_6)
FN:39,(anonymous_7)
FN:42,(anonymous_8)
FNF:9
FNH:7
FNDA:11,(anonymous_0)
FNDA:2,(anonymous_1)
FNDA:2,(anonymous_2)
FNDA:5,(anonymous_3)
FNDA:0,(anonymous_4)
FNDA:2,(anonymous_5)
FNDA:0,(anonymous_6)
FNDA:1,(anonymous_7)
FNDA:1,(anonymous_8)
DA:1,4
DA:2,4
DA:3,4
DA:4,4
DA:6,4
DA:7,11
DA:8,2
DA:9,2
DA:12,11
DA:13,2
DA:14,1
DA:17,11
DA:18,5
DA:19,3
DA:22,2
DA:23,1
DA:24,1
DA:26,1
DA:27,1
DA:29,1
DA:32,11
DA:33,2
DA:34,1
DA:36,1
DA:37,1
DA:39,1
DA:40,1
DA:42,1
DA:43,1
DA:45,1
DA:48,11
DA:51,4
LF:32
LH:32
BRDA:18,0,0,3
BRDA:18,0,1,2
BRDA:18,1,0,5
BRDA:18,1,1,3
BRF:4
BRH:4
end_of_record
TN:
SF:services/weaponService.js
FN:3,(anonymous_0)
FN:4,(anonymous_1)
FN:9,(anonymous_2)
FNF:3
FNH:3
FNDA:4,(anonymous_0)
FNDA:2,(anonymous_1)
FNDA:2,(anonymous_2)
DA:1,4
DA:3,4
DA:4,4
DA:5,2
DA:6,2
DA:9,4
DA:10,2
DA:11,1
DA:14,4
DA:17,4
LF:10
LH:10
BRF:0
BRH:0
end_of_record
TN:
SF:utils/errors.js
FN:9,(anonymous_0)
FN:10,(anonymous_1)
FN:12,(anonymous_2)
FNF:3
FNH:3
FNDA:12,(anonymous_0)
FNDA:6,(anonymous_1)
FNDA:6,(anonymous_2)
DA:1,5
DA:3,5
DA:9,12
DA:10,6
DA:12,5
DA:13,6
DA:14,0
DA:15,0
DA:16,0
DA:18,6
DA:21,5
LF:11
LH:8
BRDA:13,0,0,0
BRDA:13,0,1,6
BRF:2
BRH:1
end_of_record
TN:
SF:utils/logger.js
FN:1,(anonymous_0)
FNF:1
FNH:1
FNDA:18,(anonymous_0)
DA:1,5
DA:2,18
DA:3,18
LF:3
LH:3
BRF:0
BRH:0
end_of_record
TN:
SF:utils/tree.js
FN:5,(anonymous_0)
FN:20,(anonymous_1)
FN:31,(anonymous_2)
FN:54,(anonymous_3)
FN:72,(anonymous_4)
FN:95,(anonymous_5)
FN:117,(anonymous_6)
FNF:7
FNH:6
FNDA:94,(anonymous_0)
FNDA:20,(anonymous_1)
FNDA:74,(anonymous_2)
FNDA:20,(anonymous_3)
FNDA:83,(anonymous_4)
FNDA:11,(anonymous_5)
FNDA:0,(anonymous_6)
DA:6,94
DA:7,94
DA:8,94
DA:21,20
DA:22,20
DA:32,74
DA:33,74
DA:35,74
DA:36,162
DA:38,162
DA:39,74
DA:42,88
DA:43,134
DA:47,0
DA:55,20
DA:56,74
DA:57,74
DA:62,74
DA:73,83
DA:74,0
DA:77,83
DA:78,46
DA:81,37
DA:82,37
DA:83,65
DA:86,37
DA:96,11
DA:97,0
DA:100,11
DA:101,6
DA:104,5
DA:105,5
DA:106,9
DA:109,5
DA:118,0
DA:119,0
DA:122,0
DA:123,0
DA:126,0
DA:130,5
LF:40
LH:32
BRDA:38,0,0,74
BRDA:38,0,1,88
BRDA:73,1,0,0
BRDA:73,1,1,83
BRDA:77,2,0,46
BRDA:77,2,1,37
BRDA:96,3,0,0
BRDA:96,3,1,11
BRDA:100,4,0,6
BRDA:100,4,1,5
BRDA:109,5,0,5
BRDA:109,5,1,2
BRDA:118,6,0,0
BRDA:118,6,1,0
BRF:14
BRH:10
end_of_record
