TN:
SF:knexfile.js
FNF:0
FNH:0
DA:1,3
DA:2,3
DA:5,3
LF:3
LH:3
BRF:0
BRH:0
end_of_record
TN:
SF:server.js
FN:20,(anonymous_0)
FNF:1
FNH:0
FNDA:0,(anonymous_0)
DA:1,3
DA:2,3
DA:4,3
DA:6,3
DA:7,3
DA:8,3
DA:11,3
DA:12,3
DA:15,3
DA:16,3
DA:17,3
DA:20,3
DA:21,0
DA:24,3
LF:14
LH:13
BRF:0
BRH:0
end_of_record
TN:
SF:config/dbConfig.js
FNF:0
FNH:0
DA:1,3
DA:2,3
DA:4,3
DA:6,3
LF:4
LH:4
BRDA:4,0,0,3
BRDA:4,0,1,3
BRF:2
BRH:2
end_of_record
TN:
SF:models/composition.js
FN:7,(anonymous_0)
FN:13,(anonymous_1)
FN:27,(anonymous_2)
FN:42,(anonymous_3)
FN:65,(anonymous_4)
FN:68,(anonymous_5)
FN:72,(anonymous_6)
FN:82,(anonymous_7)
FN:88,(anonymous_8)
FN:91,(anonymous_9)
FN:94,(anonymous_10)
FN:98,(anonymous_11)
FN:115,(anonymous_12)
FNF:13
FNH:12
FNDA:6,(anonymous_0)
FNDA:6,(anonymous_1)
FNDA:1,(anonymous_2)
FNDA:1,(anonymous_3)
FNDA:4,(anonymous_4)
FNDA:4,(anonymous_5)
FNDA:4,(anonymous_6)
FNDA:0,(anonymous_7)
FNDA:1,(anonymous_8)
FNDA:1,(anonymous_9)
FNDA:1,(anonymous_10)
FNDA:1,(anonymous_11)
FNDA:2,(anonymous_12)
DA:1,3
DA:2,3
DA:4,3
DA:8,6
DA:9,6
DA:10,6
DA:14,6
DA:15,6
DA:17,6
DA:18,2
DA:21,4
DA:23,0
DA:28,1
DA:29,1
DA:36,1
DA:38,0
DA:43,1
DA:44,1
DA:53,1
DA:54,1
DA:59,0
DA:61,1
DA:66,4
DA:67,4
DA:69,4
DA:73,4
DA:82,4
DA:84,0
DA:89,1
DA:90,1
DA:92,1
DA:95,1
DA:99,1
DA:109,1
DA:111,0
DA:116,2
DA:117,2
DA:123,2
DA:124,1
DA:129,1
DA:131,1
DA:136,3
LF:42
LH:37
BRDA:17,0,0,2
BRDA:17,0,1,4
BRDA:53,1,0,1
BRDA:53,1,1,0
BRDA:123,2,0,1
BRDA:123,2,1,1
BRF:6
BRH:5
end_of_record
TN:
SF:models/material.js
FN:6,(anonymous_0)
FN:13,(anonymous_1)
FN:16,(anonymous_2)
FN:22,(anonymous_3)
FN:36,(anonymous_4)
FN:50,(anonymous_5)
FN:53,(anonymous_6)
FNF:7
FNH:7
FNDA:17,(anonymous_0)
FNDA:1,(anonymous_1)
FNDA:12,(anonymous_2)
FNDA:5,(anonymous_3)
FNDA:1,(anonymous_4)
FNDA:1,(anonymous_5)
FNDA:1,(anonymous_6)
DA:1,3
DA:2,3
DA:3,3
DA:7,17
DA:8,17
DA:9,17
DA:10,17
DA:14,1
DA:15,1
DA:16,12
DA:18,0
DA:23,5
DA:24,5
DA:26,5
DA:27,2
DA:30,3
DA:32,2
DA:37,1
DA:38,1
DA:40,1
DA:41,0
DA:44,1
DA:46,0
DA:51,1
DA:52,1
DA:53,1
DA:55,0
DA:60,3
LF:28
LH:24
BRDA:26,0,0,2
BRDA:26,0,1,3
BRDA:40,1,0,0
BRDA:40,1,1,1
BRF:4
BRH:3
end_of_record
TN:
SF:models/weapon.js
FN:8,(anonymous_0)
FN:15,(anonymous_1)
FN:18,(anonymous_2)
FN:24,(anonymous_3)
FN:32,(anonymous_4)
FN:38,(anonymous_5)
FN:46,(anonymous_6)
FN:52,(anonymous_7)
FN:78,(anonymous_8)
FN:89,(anonymous_9)
FN:95,(anonymous_10)
FN:127,(anonymous_11)
FN:142,(anonymous_12)
FN:145,(anonymous_13)
FN:166,(anonymous_14)
FN:171,(anonymous_15)
FNF:16
FNH:14
FNDA:15,(anonymous_0)
FNDA:1,(anonymous_1)
FNDA:3,(anonymous_2)
FNDA:0,(anonymous_3)
FNDA:0,(anonymous_4)
FNDA:4,(anonymous_5)
FNDA:4,(anonymous_6)
FNDA:3,(anonymous_7)
FNDA:3,(anonymous_8)
FNDA:3,(anonymous_9)
FNDA:2,(anonymous_10)
FNDA:3,(anonymous_11)
FNDA:1,(anonymous_12)
FNDA:1,(anonymous_13)
FNDA:16,(anonymous_14)
FNDA:16,(anonymous_15)
DA:1,3
DA:2,3
DA:3,3
DA:5,3
DA:9,15
DA:10,15
DA:11,15
DA:12,15
DA:16,1
DA:17,1
DA:18,3
DA:20,0
DA:25,0
DA:26,0
DA:32,0
DA:34,0
DA:39,4
DA:40,4
DA:46,4
DA:48,0
DA:53,3
DA:54,3
DA:56,3
DA:57,0
DA:60,3
DA:62,3
DA:64,3
DA:65,12
DA:67,12
DA:68,12
DA:69,12
DA:72,3
DA:74,0
DA:79,3
DA:80,3
DA:82,3
DA:83,3
DA:84,3
DA:85,3
DA:86,3
DA:89,3
DA:91,0
DA:96,2
DA:97,2
DA:99,2
DA:100,1
DA:103,1
DA:105,1
DA:107,1
DA:108,4
DA:110,4
DA:111,1
DA:112,1
DA:115,3
DA:116,3
DA:117,3
DA:118,3
DA:121,1
DA:123,1
DA:128,3
DA:129,3
DA:131,3
DA:132,0
DA:135,3
DA:136,3
DA:138,0
DA:143,1
DA:144,1
DA:145,1
DA:147,0
DA:152,4
DA:153,4
DA:159,0
DA:164,16
DA:165,16
DA:167,16
DA:172,16
DA:182,0
DA:187,3
LF:79
LH:65
BRDA:56,0,0,0
BRDA:56,0,1,3
BRDA:99,1,0,1
BRDA:99,1,1,1
BRDA:110,2,0,1
BRDA:110,2,1,3
BRDA:131,3,0,0
BRDA:131,3,1,3
BRF:8
BRH:6
end_of_record
TN:
SF:routes/compositionsRouter.js
FN:5,(anonymous_0)
FN:15,(anonymous_1)
FN:29,(anonymous_2)
FNF:3
FNH:3
FNDA:5,(anonymous_0)
FNDA:4,(anonymous_1)
FNDA:2,(anonymous_2)
DA:1,3
DA:2,3
DA:3,3
DA:5,3
DA:6,5
DA:7,5
DA:8,1
DA:10,4
DA:11,4
DA:15,3
DA:16,4
DA:17,4
DA:22,0
DA:24,4
DA:25,4
DA:29,3
DA:30,2
DA:31,2
DA:32,1
DA:34,1
DA:35,1
DA:39,3
LF:22
LH:21
BRDA:11,0,0,4
BRDA:11,0,1,0
BRDA:25,1,0,4
BRDA:25,1,1,0
BRDA:35,2,0,1
BRDA:35,2,1,0
BRF:6
BRH:3
end_of_record
TN:
SF:routes/materialsRouter.js
FN:5,(anonymous_0)
FN:15,(anonymous_1)
FN:25,(anonymous_2)
FN:35,(anonymous_3)
FNF:4
FNH:4
FNDA:1,(anonymous_0)
FNDA:2,(anonymous_1)
FNDA:4,(anonymous_2)
FNDA:2,(anonymous_3)
DA:1,3
DA:2,3
DA:3,3
DA:5,3
DA:6,1
DA:7,1
DA:8,1
DA:10,0
DA:11,0
DA:15,3
DA:16,2
DA:17,2
DA:18,1
DA:20,1
DA:21,1
DA:25,3
DA:26,4
DA:27,4
DA:28,1
DA:30,3
DA:31,3
DA:35,3
DA:36,2
DA:37,2
DA:38,1
DA:40,1
DA:41,1
DA:45,3
LF:28
LH:26
BRDA:11,0,0,0
BRDA:11,0,1,0
BRDA:21,1,0,1
BRDA:21,1,1,0
BRDA:31,2,0,3
BRDA:31,2,1,0
BRDA:41,3,0,1
BRDA:41,3,1,0
BRF:8
BRH:3
end_of_record
TN:
SF:routes/weaponsRouter.js
FN:5,(anonymous_0)
FN:15,(anonymous_1)
FNF:2
FNH:2
FNDA:1,(anonymous_0)
FNDA:2,(anonymous_1)
DA:1,3
DA:2,3
DA:3,3
DA:5,3
DA:6,1
DA:7,1
DA:8,1
DA:10,0
DA:11,0
DA:15,3
DA:16,2
DA:17,2
DA:20,1
DA:22,1
DA:23,1
DA:27,3
LF:16
LH:14
BRDA:11,0,0,0
BRDA:11,0,1,0
BRDA:23,1,0,1
BRDA:23,1,1,0
BRF:4
BRH:1
end_of_record
TN:
SF:services/compositionService.js
FN:5,(anonymous_0)
FN:6,(anonymous_1)
FN:43,(anonymous_2)
FN:53,(anonymous_3)
FN:97,(anonymous_4)
FN:107,(anonymous_5)
FN:114,(anonymous_6)
FNF:7
FNH:4
FNDA:11,(anonymous_0)
FNDA:5,(anonymous_1)
FNDA:0,(anonymous_2)
FNDA:4,(anonymous_3)
FNDA:0,(anonymous_4)
FNDA:2,(anonymous_5)
FNDA:0,(anonymous_6)
DA:1,3
DA:2,3
DA:3,3
DA:5,3
DA:6,11
DA:7,5
DA:8,1
DA:13,4
DA:14,1
DA:17,3
DA:22,3
DA:23,2
DA:28,1
DA:30,1
DA:32,1
DA:33,0
DA:34,0
DA:39,1
DA:42,1
DA:43,0
DA:45,1
DA:50,1
DA:53,11
DA:54,4
DA:55,1
DA:60,3
DA:61,0
DA:64,3
DA:69,3
DA:70,2
DA:75,1
DA:81,0
DA:83,0
DA:84,0
DA:88,0
DA:93,0
DA:96,0
DA:97,0
DA:99,0
DA:104,0
DA:107,11
DA:108,2
DA:109,1
DA:113,1
DA:114,0
DA:116,1
DA:121,1
DA:124,11
DA:127,3
LF:49
LH:35
BRDA:7,0,0,1
BRDA:7,0,1,4
BRDA:13,1,0,1
BRDA:13,1,1,3
BRDA:22,2,0,2
BRDA:22,2,1,1
BRDA:32,3,0,0
BRDA:32,3,1,1
BRDA:54,4,0,1
BRDA:54,4,1,3
BRDA:60,5,0,0
BRDA:60,5,1,3
BRDA:69,6,0,2
BRDA:69,6,1,1
BRDA:83,7,0,0
BRDA:83,7,1,0
BRF:16
BRH:12
end_of_record
TN:
SF:services/materialService.js
FN:6,(anonymous_0)
FN:7,(anonymous_1)
FN:12,(anonymous_2)
FN:17,(anonymous_3)
FN:26,(anonymous_4)
FN:32,(anonymous_5)
FN:36,(anonymous_6)
FN:39,(anonymous_7)
FN:42,(anonymous_8)
FNF:9
FNH:7
FNDA:9,(anonymous_0)
FNDA:1,(anonymous_1)
FNDA:2,(anonymous_2)
FNDA:4,(anonymous_3)
FNDA:0,(anonymous_4)
FNDA:2,(anonymous_5)
FNDA:0,(anonymous_6)
FNDA:1,(anonymous_7)
FNDA:1,(anonymous_8)
DA:1,3
DA:2,3
DA:3,3
DA:4,3
DA:6,3
DA:7,9
DA:8,1
DA:9,1
DA:12,9
DA:13,2
DA:14,1
DA:17,9
DA:18,4
DA:19,3
DA:22,1
DA:23,1
DA:24,1
DA:26,1
DA:27,1
DA:29,1
DA:32,9
DA:33,2
DA:34,1
DA:36,1
DA:37,1
DA:39,1
DA:40,1
DA:42,1
DA:43,1
DA:45,1
DA:48,9
DA:51,3
LF:32
LH:32
BRDA:18,0,0,3
BRDA:18,0,1,1
BRDA:18,1,0,4
BRDA:18,1,1,2
BRF:4
BRH:4
end_of_record
TN:
SF:services/weaponService.js
FN:3,(anonymous_0)
FN:4,(anonymous_1)
FN:9,(anonymous_2)
FNF:3
FNH:3
FNDA:3,(anonymous_0)
FNDA:1,(anonymous_1)
FNDA:2,(anonymous_2)
DA:1,3
DA:3,3
DA:4,3
DA:5,1
DA:6,1
DA:9,3
DA:10,2
DA:11,1
DA:14,3
DA:17,3
LF:10
LH:10
BRF:0
BRH:0
end_of_record
TN:
SF:utils/errors.js
FN:9,(anonymous_0)
FN:10,(anonymous_1)
FN:12,(anonymous_2)
FNF:3
FNH:3
FNDA:10,(anonymous_0)
FNDA:5,(anonymous_1)
FNDA:5,(anonymous_2)
DA:1,3
DA:3,3
DA:9,10
DA:10,5
DA:12,3
DA:13,5
DA:14,0
DA:15,0
DA:16,0
DA:18,5
DA:21,3
LF:11
LH:8
BRDA:13,0,0,0
BRDA:13,0,1,5
BRF:2
BRH:1
end_of_record
TN:
SF:utils/logger.js
FN:1,(anonymous_0)
FNF:1
FNH:1
FNDA:15,(anonymous_0)
DA:1,3
DA:2,15
DA:3,15
LF:3
LH:3
BRF:0
BRH:0
end_of_record
TN:
SF:utils/tree.js
FN:5,(anonymous_0)
FN:20,(anonymous_1)
FN:31,(anonymous_2)
FN:54,(anonymous_3)
FN:72,(anonymous_4)
FN:95,(anonymous_5)
FN:117,(anonymous_6)
FNF:7
FNH:6
FNDA:87,(anonymous_0)
FNDA:15,(anonymous_1)
FNDA:72,(anonymous_2)
FNDA:15,(anonymous_3)
FNDA:67,(anonymous_4)
FNDA:20,(anonymous_5)
FNDA:0,(anonymous_6)
DA:6,87
DA:7,87
DA:8,87
DA:21,15
DA:22,15
DA:32,72
DA:33,72
DA:35,72
DA:36,150
DA:38,150
DA:39,72
DA:42,78
DA:43,168
DA:47,0
DA:55,15
DA:56,72
DA:57,72
DA:62,72
DA:73,67
DA:74,0
DA:77,67
DA:78,42
DA:81,25
DA:82,25
DA:83,55
DA:86,25
DA:96,20
DA:97,0
DA:100,20
DA:101,12
DA:104,8
DA:105,8
DA:106,17
DA:109,8
DA:118,0
DA:119,0
DA:122,0
DA:123,0
DA:126,0
DA:130,3
LF:40
LH:32
BRDA:38,0,0,72
BRDA:38,0,1,78
BRDA:73,1,0,0
BRDA:73,1,1,67
BRDA:77,2,0,42
BRDA:77,2,1,25
BRDA:96,3,0,0
BRDA:96,3,1,20
BRDA:100,4,0,12
BRDA:100,4,1,8
BRDA:109,5,0,8
BRDA:109,5,1,3
BRDA:118,6,0,0
BRDA:118,6,1,0
BRF:14
BRH:10
end_of_record
